Log file open, 05/10/18 04:36:43
LogWindows: Failed to load 'aqProf.dll' (GetLastError=126)
LogWindows: File 'aqProf.dll' does not exist
LogWindows: Failed to load 'VSPerf140.dll' (GetLastError=126)
LogWindows: File 'VSPerf140.dll' does not exist
LogWindows: Failed to load 'VtuneApi.dll' (GetLastError=126)
LogWindows: File 'VtuneApi.dll' does not exist
LogWindows: Failed to load 'VtuneApi32e.dll' (GetLastError=126)
LogWindows: File 'VtuneApi32e.dll' does not exist
LogInit: Display: Running engine for game: Final
LogPlatformFile: Not using cached read wrapper
LogInit: Display: RandInit(1093264804) SRandInit(1093264804).
LogInit: Read version file with build ID '3709383'
LogInit: Overriding engine version to CL 3832480, compatible CL 3709383
LogInit: Registered custom module enumerator with build ID '3709383'
LogTaskGraph: Started task graph with 5 named threads and 8 total threads with 3 sets of task threads.
LogStats: Stats thread started at 0.176119
LogD3D11RHI: Aftermath initialized
LogModuleManager: Display: Found up-to-date module file ../../../Engine/Plugins/2D/Paper2D/Binaries/Win64/UE4Editor-Paper2D.dll (API version 3709383).
LogModuleManager: Display: Found up-to-date module file ../../../Engine/Plugins/2D/Paper2D/Binaries/Win64/UE4Editor-Paper2DEditor.dll (API version 3709383).
LogModuleManager: Display: Found up-to-date module file ../../../Engine/Plugins/2D/Paper2D/Binaries/Win64/UE4Editor-PaperSpriteSheetImporter.dll (API version 3709383).
LogModuleManager: Display: Found up-to-date module file ../../../Engine/Plugins/2D/Paper2D/Binaries/Win64/UE4Editor-PaperTiledImporter.dll (API version 3709383).
LogModuleManager: Display: Found up-to-date module file ../../../Engine/Plugins/2D/Paper2D/Binaries/Win64/UE4Editor-SmartSnapping.dll (API version 3709383).
LogModuleManager: Display: Found up-to-date module file ../../../Engine/Plugins/Blendables/LightPropagationVolume/Binaries/Win64/UE4Editor-LightPropagationVolumeRuntime.dll (API version 3709383).
LogModuleManager: Display: Found up-to-date module file ../../../Engine/Plugins/Blendables/LightPropagationVolume/Binaries/Win64/UE4Editor-LightPropagationVolumeEditor.dll (API version 3709383).
LogModuleManager: Display: Found up-to-date module file ../../../Engine/Plugins/Developer/GitSourceControl/Binaries/Win64/UE4Editor-GitSourceControl.dll (API version 3709383).
LogModuleManager: Display: Found up-to-date module file ../../../Engine/Plugins/Developer/PerforceSourceControl/Binaries/Win64/UE4Editor-PerforceSourceControl.dll (API version 3709383).
LogModuleManager: Display: Found up-to-date module file ../../../Engine/Plugins/Developer/SubversionSourceControl/Binaries/Win64/UE4Editor-SubversionSourceControl.dll (API version 3709383).
LogModuleManager: Display: Found up-to-date module file ../../../Engine/Plugins/Developer/UObjectPlugin/Binaries/Win64/UE4Editor-UObjectPlugin.dll (API version 3709383).
LogModuleManager: Display: Found up-to-date module file ../../../Engine/Plugins/Developer/VisualStudioCodeSourceCodeAccess/Binaries/Win64/UE4Editor-VisualStudioCodeSourceCodeAccess.dll (API version 3709383).
LogModuleManager: Display: Found up-to-date module file ../../../Engine/Plugins/Developer/VisualStudioSourceCodeAccess/Binaries/Win64/UE4Editor-VisualStudioSourceCodeAccess.dll (API version 3709383).
LogModuleManager: Display: Found up-to-date module file ../../../Engine/Plugins/Editor/AssetManagerEditor/Binaries/Win64/UE4Editor-AssetManagerEditor.dll (API version 3709383).
LogModuleManager: Display: Found up-to-date module file ../../../Engine/Plugins/Editor/AudioCapture/Binaries/Win64/UE4Editor-AudioCapture.dll (API version 3709383).
LogModuleManager: Display: Found up-to-date module file ../../../Engine/Plugins/Editor/FacialAnimation/Binaries/Win64/UE4Editor-FacialAnimation.dll (API version 3709383).
LogModuleManager: Display: Found up-to-date module file ../../../Engine/Plugins/Editor/FacialAnimation/Binaries/Win64/UE4Editor-FacialAnimationEditor.dll (API version 3709383).
LogModuleManager: Display: Found up-to-date module file ../../../Engine/Plugins/Editor/GameplayTagsEditor/Binaries/Win64/UE4Editor-GameplayTagsEditor.dll (API version 3709383).
LogModuleManager: Display: Found up-to-date module file ../../../Engine/Plugins/Editor/MobileLauncherProfileWizard/Binaries/Win64/UE4Editor-MobileLauncherProfileWizard.dll (API version 3709383).
LogModuleManager: Display: Found up-to-date module file ../../../Engine/Plugins/Editor/PluginBrowser/Binaries/Win64/UE4Editor-PluginBrowser.dll (API version 3709383).
LogModuleManager: Display: Found up-to-date module file ../../../Engine/Plugins/Editor/SpeedTreeImporter/Binaries/Win64/UE4Editor-SpeedTreeImporter.dll (API version 3709383).
LogModuleManager: Display: Found up-to-date module file ../../../Engine/Plugins/Experimental/AlembicImporter/Binaries/Win64/UE4Editor-AlembicImporter.dll (API version 3709383).
LogModuleManager: Display: Found up-to-date module file ../../../Engine/Plugins/Experimental/AlembicImporter/Binaries/Win64/UE4Editor-AlembicLibrary.dll (API version 3709383).
LogModuleManager: Display: Found up-to-date module file ../../../Engine/Plugins/Experimental/CharacterAI/Binaries/Win64/UE4Editor-CharacterAI.dll (API version 3709383).
LogModuleManager: Display: Found up-to-date module file ../../../Engine/Plugins/Experimental/HTML5Networking/Binaries/Win64/UE4Editor-HTML5Networking.dll (API version 3709383).
LogModuleManager: Display: Found up-to-date module file ../../../Engine/Plugins/Media/AndroidMedia/Binaries/Win64/UE4Editor-AndroidMediaEditor.dll (API version 3709383).
LogModuleManager: Display: Found up-to-date module file ../../../Engine/Plugins/Media/AndroidMedia/Binaries/Win64/UE4Editor-AndroidMediaFactory.dll (API version 3709383).
LogModuleManager: Display: Found up-to-date module file ../../../Engine/Plugins/Media/AvfMedia/Binaries/Win64/UE4Editor-AvfMediaEditor.dll (API version 3709383).
LogModuleManager: Display: Found up-to-date module file ../../../Engine/Plugins/Media/AvfMedia/Binaries/Win64/UE4Editor-AvfMediaFactory.dll (API version 3709383).
LogModuleManager: Display: Found up-to-date module file ../../../Engine/Plugins/Media/AvfMedia/Binaries/Win64/UE4Editor-AvfMediaFactory.dll (API version 3709383).
LogModuleManager: Display: Found up-to-date module file ../../../Engine/Plugins/Media/ImgMedia/Binaries/Win64/UE4Editor-ImgMedia.dll (API version 3709383).
LogModuleManager: Display: Found up-to-date module file ../../../Engine/Plugins/Media/ImgMedia/Binaries/Win64/UE4Editor-ImgMediaEditor.dll (API version 3709383).
LogModuleManager: Display: Found up-to-date module file ../../../Engine/Plugins/Media/ImgMedia/Binaries/Win64/UE4Editor-ImgMediaFactory.dll (API version 3709383).
LogModuleManager: Display: Found up-to-date module file ../../../Engine/Plugins/Media/ImgMedia/Binaries/Win64/UE4Editor-ImgMediaFactory.dll (API version 3709383).
LogModuleManager: Display: Found up-to-date module file ../../../Engine/Plugins/Media/ImgMedia/Binaries/Win64/UE4Editor-OpenExrWrapper.dll (API version 3709383).
LogModuleManager: Display: Found up-to-date module file ../../../Engine/Plugins/Media/MediaCompositing/Binaries/Win64/UE4Editor-MediaCompositing.dll (API version 3709383).
LogModuleManager: Display: Found up-to-date module file ../../../Engine/Plugins/Media/MediaCompositing/Binaries/Win64/UE4Editor-MediaCompositingEditor.dll (API version 3709383).
LogModuleManager: Display: Found up-to-date module file ../../../Engine/Plugins/Media/MediaPlayerEditor/Binaries/Win64/UE4Editor-MediaPlayerEditor.dll (API version 3709383).
LogModuleManager: Display: Found up-to-date module file ../../../Engine/Plugins/Media/WmfMedia/Binaries/Win64/UE4Editor-WmfMedia.dll (API version 3709383).
LogModuleManager: Display: Found up-to-date module file ../../../Engine/Plugins/Media/WmfMedia/Binaries/Win64/UE4Editor-WmfMediaEditor.dll (API version 3709383).
LogModuleManager: Display: Found up-to-date module file ../../../Engine/Plugins/Media/WmfMedia/Binaries/Win64/UE4Editor-WmfMediaFactory.dll (API version 3709383).
LogModuleManager: Display: Found up-to-date module file ../../../Engine/Plugins/Media/WmfMedia/Binaries/Win64/UE4Editor-WmfMediaFactory.dll (API version 3709383).
LogModuleManager: Display: Found up-to-date module file ../../../Engine/Plugins/Messaging/TcpMessaging/Binaries/Win64/UE4Editor-TcpMessaging.dll (API version 3709383).
LogModuleManager: Display: Found up-to-date module file ../../../Engine/Plugins/Messaging/UdpMessaging/Binaries/Win64/UE4Editor-UdpMessaging.dll (API version 3709383).
LogModuleManager: Display: Found up-to-date module file ../../../Engine/Plugins/MovieScene/ActorSequence/Binaries/Win64/UE4Editor-ActorSequence.dll (API version 3709383).
LogModuleManager: Display: Found up-to-date module file ../../../Engine/Plugins/MovieScene/LevelSequenceEditor/Binaries/Win64/UE4Editor-LevelSequenceEditor.dll (API version 3709383).
LogModuleManager: Display: Found up-to-date module file ../../../Engine/Plugins/MovieScene/MatineeToLevelSequence/Binaries/Win64/UE4Editor-MatineeToLevelSequence.dll (API version 3709383).
LogModuleManager: Display: Found up-to-date module file ../../../Engine/Plugins/Online/OnlineSubsystem/Binaries/Win64/UE4Editor-OnlineSubsystem.dll (API version 3709383).
LogModuleManager: Display: Found up-to-date module file ../../../Engine/Plugins/Runtime/AndroidPermission/Binaries/Win64/UE4Editor-AndroidPermission.dll (API version 3709383).
LogModuleManager: Display: Found up-to-date module file ../../../Engine/Plugins/Online/OnlineSubsystemNull/Binaries/Win64/UE4Editor-OnlineSubsystemNull.dll (API version 3709383).
LogModuleManager: Display: Found up-to-date module file ../../../Engine/Plugins/Online/OnlineSubsystemUtils/Binaries/Win64/UE4Editor-OnlineSubsystemUtils.dll (API version 3709383).
LogModuleManager: Display: Found up-to-date module file ../../../Engine/Plugins/Online/OnlineSubsystemUtils/Binaries/Win64/UE4Editor-OnlineBlueprintSupport.dll (API version 3709383).
LogModuleManager: Display: Found up-to-date module file ../../../Engine/Plugins/Runtime/AndroidDeviceProfileSelector/Binaries/Win64/UE4Editor-AndroidDeviceProfileSelector.dll (API version 3709383).
LogModuleManager: Display: Found up-to-date module file ../../../Engine/Plugins/Runtime/AppleARKit/Binaries/Win64/UE4Editor-AppleARKit.dll (API version 3709383).
LogModuleManager: Display: Found up-to-date module file ../../../Engine/Plugins/Runtime/ArchVisCharacter/Binaries/Win64/UE4Editor-ArchVisCharacter.dll (API version 3709383).
LogModuleManager: Display: Found up-to-date module file ../../../Engine/Plugins/Runtime/CableComponent/Binaries/Win64/UE4Editor-CableComponent.dll (API version 3709383).
LogModuleManager: Display: Found up-to-date module file ../../../Engine/Plugins/Runtime/CustomMeshComponent/Binaries/Win64/UE4Editor-CustomMeshComponent.dll (API version 3709383).
LogModuleManager: Display: Found up-to-date module file ../../../Engine/Plugins/Runtime/ExampleDeviceProfileSelector/Binaries/Win64/UE4Editor-ExampleDeviceProfileSelector.dll (API version 3709383).
LogModuleManager: Display: Found up-to-date module file ../../../Engine/Plugins/Runtime/ImmediatePhysics/Binaries/Win64/UE4Editor-ImmediatePhysics.dll (API version 3709383).
LogModuleManager: Display: Found up-to-date module file ../../../Engine/Plugins/Runtime/ImmediatePhysics/Binaries/Win64/UE4Editor-ImmediatePhysicsEditor.dll (API version 3709383).
LogModuleManager: Display: Found up-to-date module file ../../../Engine/Plugins/Runtime/LocationServicesBPLibrary/Binaries/Win64/UE4Editor-LocationServicesBPLibrary.dll (API version 3709383).
LogModuleManager: Display: Found up-to-date module file ../../../Engine/Plugins/Runtime/MobilePatchingUtils/Binaries/Win64/UE4Editor-MobilePatchingUtils.dll (API version 3709383).
LogModuleManager: Display: Found up-to-date module file ../../../Engine/Plugins/Runtime/Oculus/OculusVR/Binaries/Win64/UE4Editor-OculusHMD.dll (API version 3709383).
LogModuleManager: Display: Found up-to-date module file ../../../Engine/Plugins/Runtime/Oculus/OculusVR/Binaries/Win64/UE4Editor-OculusInput.dll (API version 3709383).
LogModuleManager: Display: Found up-to-date module file ../../../Engine/Plugins/Runtime/Oculus/OculusVR/Binaries/Win64/UE4Editor-OculusEditor.dll (API version 3709383).
LogModuleManager: Display: Found up-to-date module file ../../../Engine/Plugins/Runtime/PhysXVehicles/Binaries/Win64/UE4Editor-PhysXVehicles.dll (API version 3709383).
LogModuleManager: Display: Found up-to-date module file ../../../Engine/Plugins/Runtime/PhysXVehicles/Binaries/Win64/UE4Editor-PhysXVehiclesEditor.dll (API version 3709383).
LogModuleManager: Display: Found up-to-date module file ../../../Engine/Plugins/Runtime/ProceduralMeshComponent/Binaries/Win64/UE4Editor-ProceduralMeshComponent.dll (API version 3709383).
LogModuleManager: Display: Found up-to-date module file ../../../Engine/Plugins/Runtime/ProceduralMeshComponent/Binaries/Win64/UE4Editor-ProceduralMeshComponentEditor.dll (API version 3709383).
LogModuleManager: Display: Found up-to-date module file ../../../Engine/Plugins/Runtime/RuntimePhysXCooking/Binaries/Win64/UE4Editor-RuntimePhysXCooking.dll (API version 3709383).
LogModuleManager: Display: Found up-to-date module file ../../../Engine/Plugins/Runtime/Steam/SteamVR/Binaries/Win64/UE4Editor-SteamVR.dll (API version 3709383).
LogModuleManager: Display: Found up-to-date module file ../../../Engine/Plugins/Runtime/Steam/SteamVR/Binaries/Win64/UE4Editor-SteamVRController.dll (API version 3709383).
LogModuleManager: Display: Found up-to-date module file ../../../Engine/Plugins/Runtime/WindowsMoviePlayer/Binaries/Win64/UE4Editor-WindowsMoviePlayer.dll (API version 3709383).
LogPluginManager: Mounting plugin Paper2D
LogPluginManager: Mounting plugin LightPropagationVolume
LogPluginManager: Mounting plugin CodeLiteSourceCodeAccess
LogPluginManager: Mounting plugin GitSourceControl
LogPluginManager: Mounting plugin KDevelopSourceCodeAccess
LogPluginManager: Mounting plugin NullSourceCodeAccess
LogPluginManager: Mounting plugin PerforceSourceControl
LogPluginManager: Mounting plugin SubversionSourceControl
LogPluginManager: Mounting plugin UObjectPlugin
LogPluginManager: Mounting plugin VisualStudioCodeSourceCodeAccess
LogPluginManager: Mounting plugin VisualStudioSourceCodeAccess
LogPluginManager: Mounting plugin XCodeSourceCodeAccess
LogPluginManager: Mounting plugin AssetManagerEditor
LogPluginManager: Mounting plugin AudioCapture
LogPluginManager: Mounting plugin FacialAnimation
LogPluginManager: Mounting plugin GameplayTagsEditor
LogPluginManager: Mounting plugin MobileLauncherProfileWizard
LogPluginManager: Mounting plugin PluginBrowser
LogPluginManager: Mounting plugin SpeedTreeImporter
LogPluginManager: Mounting plugin AlembicImporter
LogPluginManager: Mounting plugin CharacterAI
LogPluginManager: Mounting plugin HTML5Networking
LogPluginManager: Mounting plugin AndroidMedia
LogPluginManager: Mounting plugin AvfMedia
LogPluginManager: Mounting plugin ImgMedia
LogPluginManager: Mounting plugin MediaCompositing
LogPluginManager: Mounting plugin MediaPlayerEditor
LogPluginManager: Mounting plugin WmfMedia
LogPluginManager: Mounting plugin TcpMessaging
LogPluginManager: Mounting plugin UdpMessaging
LogPluginManager: Mounting plugin ActorSequence
LogPluginManager: Mounting plugin LevelSequenceEditor
LogPluginManager: Mounting plugin MatineeToLevelSequence
LogPluginManager: Mounting plugin OnlineSubsystemGooglePlay
LogPluginManager: Mounting plugin OnlineSubsystemIOS
LogPluginManager: Mounting plugin OnlineSubsystem
LogPluginManager: Mounting plugin OnlineSubsystemNull
LogPluginManager: Mounting plugin OnlineSubsystemUtils
LogPluginManager: Mounting plugin AndroidDeviceProfileSelector
LogPluginManager: Mounting plugin AndroidMoviePlayer
LogPluginManager: Mounting plugin AndroidPermission
LogPluginManager: Mounting plugin AppleARKit
LogPluginManager: Mounting plugin AppleMoviePlayer
LogPluginManager: Mounting plugin ArchVisCharacter
LogPluginManager: Mounting plugin CableComponent
LogPluginManager: Mounting plugin CustomMeshComponent
LogPluginManager: Mounting plugin ExampleDeviceProfileSelector
LogPluginManager: Mounting plugin GoogleCloudMessaging
LogPluginManager: Mounting plugin ImmediatePhysics
LogPluginManager: Mounting plugin IOSDeviceProfileSelector
LogPluginManager: Mounting plugin LinuxDeviceProfileSelector
LogPluginManager: Mounting plugin LocationServicesBPLibrary
LogPluginManager: Mounting plugin MobilePatchingUtils
LogPluginManager: Mounting plugin OculusVR
LogPluginManager: Plugin shader directory ../../../Engine/Plugins/Runtime/Oculus/OculusVR/Shaders found
LogPluginManager: Mapping shader source directory ../../../Engine/Plugins/Runtime/Oculus/OculusVR/Shaders to virtual directory /Plugin/OculusVR
LogPluginManager: Mounting plugin PhysXVehicles
LogPluginManager: Mounting plugin ProceduralMeshComponent
LogPluginManager: Mounting plugin RuntimePhysXCooking
LogPluginManager: Mounting plugin SteamVR
LogPluginManager: Mounting plugin WindowsMoviePlayer
LogInit: Using libcurl 7.47.1
LogInit:  - built for x86_64-pc-win32
LogInit:  - supports SSL with OpenSSL/1.0.2g
LogInit:  - supports HTTP deflate (compression) using libz 1.2.8
LogInit:  - other features:
LogInit:      CURL_VERSION_SSL
LogInit:      CURL_VERSION_LIBZ
LogInit:      CURL_VERSION_IPV6
LogInit:      CURL_VERSION_ASYNCHDNS
LogInit:      CURL_VERSION_LARGEFILE
LogInit:      CURL_VERSION_IDN
LogInit:  CurlRequestOptions (configurable via config and command line):
LogInit:  - bVerifyPeer = false  - Libcurl will NOT verify peer certificate
LogInit:  - bUseHttpProxy = false  - Libcurl will NOT use HTTP proxy
LogInit:  - bDontReuseConnections = false  - Libcurl will reuse connections
LogInit:  - CertBundlePath = nullptr  - Libcurl will use whatever was configured at build time.
LogInit: Build: ++UE4+Release-4.18-CL-3832480
LogInit: Engine Version: 4.18.3-3832480+++UE4+Release-4.18
LogInit: Compatible Engine Version: 4.18.0-3709383+++UE4+Release-4.18
LogInit: Net CL: 3709383
LogDevObjectVersion: Number of dev versions registered: 16
LogDevObjectVersion:   Dev-Blueprints (B0D832E4-1F89-4F0D-ACCF-7EB736FD4AA2): 10
LogDevObjectVersion:   Dev-Build (E1C64328-A22C-4D53-A36C-8E866417BD8C): 0
LogDevObjectVersion:   Dev-Core (375EC13C-06E4-48FB-B500-84F0262A717E): 2
LogDevObjectVersion:   Dev-Editor (E4B068ED-F494-42E9-A231-DA0B2E46BB41): 20
LogDevObjectVersion:   Dev-Framework (CFFC743F-43B0-4480-9391-14DF171D2073): 30
LogDevObjectVersion:   Dev-Mobile (B02B49B5-BB20-44E9-A304-32B752E40360): 0
LogDevObjectVersion:   Dev-Networking (A4E4105C-59A1-49B5-A7C5-40C4547EDFEE): 0
LogDevObjectVersion:   Dev-Online (39C831C9-5AE6-47DC-9A44-9C173E1C8E7C): 0
LogDevObjectVersion:   Dev-Physics (78F01B33-EBEA-4F98-B9B4-84EACCB95AA2): 0
LogDevObjectVersion:   Dev-Platform (6631380F-2D4D-43E0-8009-CF276956A95A): 0
LogDevObjectVersion:   Dev-Rendering (12F88B9F-8875-4AFC-A67C-D90C383ABD29): 20
LogDevObjectVersion:   Dev-Sequencer (7B5AE74C-D270-4C10-A958-57980B212A5A): 4
LogDevObjectVersion:   Dev-VR (D7296918-1DD6-4BDD-9DE2-64A83CC13884): 0
LogDevObjectVersion:   Dev-LoadTimes (C2A15278-BFE7-4AFE-6C17-90FF531DF755): 1
LogDevObjectVersion:   Private-Geometry (6EACA3D4-40EC-4CC1-B786-8BED09428FC5): 1
LogDevObjectVersion:   Dev-AnimPhys (29E575DD-E0A3-4627-9D10-D276232CDCEA): 12
LogInit: Compiled (64-bit): Jan 12 2018 02:04:55
LogInit: Compiled with Visual C++: 19.00.24215.01
LogInit: Build Configuration: Development
LogInit: Branch Name: ++UE4+Release-4.18
LogInit: Command line:  
LogInit: Base directory: C:/Program Files/Epic Games/UE_4.18/Engine/Binaries/Win64/
LogInit: Installed Engine Build: 1
LogInit: Presizing for max 8388607 objects, including 0 objects not considered by GC, pre-allocating 0 bytes for permanent pool.
LogInit: Object subsystem initialized
[2018.05.10-09.36.47:111][  0]LogInit: Selected Device Profile: [Windows]
[2018.05.10-09.36.47:111][  0]LogInit: Applying CVar settings loaded from the selected device profile: [Windows]
[2018.05.10-09.36.47:128][  0]LogInit: Computer: DESKTOP-FH0Q8V5
[2018.05.10-09.36.47:128][  0]LogInit: User: Joe
[2018.05.10-09.36.47:128][  0]LogInit: CPU Page size=4096, Cores=2
[2018.05.10-09.36.47:128][  0]LogInit: High frequency timer resolution =3.727422 MHz
[2018.05.10-09.36.47:128][  0]LogMemory: Memory total: Physical=8.0GB (8GB approx)
[2018.05.10-09.36.47:128][  0]LogMemory: Platform Memory Stats for Windows
[2018.05.10-09.36.47:128][  0]LogMemory: Process Physical Memory: 274.81 MB used, 274.81 MB peak
[2018.05.10-09.36.47:128][  0]LogMemory: Process Virtual Memory: 271.48 MB used, 271.48 MB peak
[2018.05.10-09.36.47:128][  0]LogMemory: Physical Memory: 3963.53 MB used,  4210.00 MB free, 8173.53 MB total
[2018.05.10-09.36.47:128][  0]LogMemory: Virtual Memory: 680.67 MB used,  4210.00 MB free, 134217728.00 MB total
[2018.05.10-09.36.47:544][  0]LogInit: Using OS detected language (en-US).
[2018.05.10-09.36.47:544][  0]LogInit: Using OS detected locale (en-US).
[2018.05.10-09.36.47:549][  0]LogTextLocalizationManager: No specific localization for 'en-US' exists, so the 'en' localization will be used.
[2018.05.10-09.36.48:687][  0]LogD3D11RHI: D3D11 adapters:
[2018.05.10-09.36.48:775][  0]LogD3D11RHI:    0. 'NVIDIA GeForce GTX 950' (Feature Level 11_0)
[2018.05.10-09.36.48:775][  0]LogD3D11RHI:       2007/0/4086 MB DedicatedVideo/DedicatedSystem/SharedSystem, Outputs:2, VendorId:0x10de
[2018.05.10-09.36.48:778][  0]LogD3D11RHI:    1. 'Microsoft Basic Render Driver' (Feature Level 11_0)
[2018.05.10-09.36.48:778][  0]LogD3D11RHI:       0/0/4086 MB DedicatedVideo/DedicatedSystem/SharedSystem, Outputs:0, VendorId:0x1414
[2018.05.10-09.36.48:778][  0]LogD3D11RHI: Chosen D3D11 Adapter: 0
[2018.05.10-09.36.48:789][  0]LogD3D11RHI: Creating new Direct3DDevice
[2018.05.10-09.36.48:789][  0]LogD3D11RHI:     GPU DeviceId: 0x1402 (for the marketing name, search the web for "GPU Device Id")
[2018.05.10-09.36.48:789][  0]LogWindows: EnumDisplayDevices:
[2018.05.10-09.36.48:789][  0]LogWindows:    0. 'NVIDIA GeForce GTX 950' (P:1 D:1)
[2018.05.10-09.36.48:789][  0]LogWindows:    1. 'NVIDIA GeForce GTX 950' (P:0 D:1)
[2018.05.10-09.36.48:789][  0]LogWindows:    2. 'NVIDIA GeForce GTX 950' (P:0 D:0)
[2018.05.10-09.36.48:790][  0]LogWindows:    3. 'NVIDIA GeForce GTX 950' (P:0 D:0)
[2018.05.10-09.36.48:790][  0]LogWindows: DebugString: GetVideoDriverDetailsInvalid PrimaryIsNotTheChoosenAdapter GetVideoDriverDetailsInvalid PrimaryIsNotTheChoosenAdapter GetVideoDriverDetailsInvalid PrimaryIsNotTheChoosenAdapter GetVideoDriverDetailsInvalid PrimaryIsNotTheChoosenAdapter FoundDriverCount:0 
[2018.05.10-09.36.48:790][  0]LogD3D11RHI:     Adapter Name: NVIDIA GeForce GTX 950
[2018.05.10-09.36.48:790][  0]LogD3D11RHI:   Driver Version: Unknown (internal:Unknown, unified:Unknown)
[2018.05.10-09.36.48:790][  0]LogD3D11RHI:      Driver Date: Unknown
[2018.05.10-09.36.48:790][  0]LogRHI: Texture pool is 1405 MB (70% of 2007 MB)
[2018.05.10-09.36.48:851][  0]LogD3D11RHI: Async texture creation enabled
[2018.05.10-09.36.48:874][  0]LogD3D11RHI: GPU Timing Frequency: 1000.000000 (Debug: 2 2)
[2018.05.10-09.36.48:926][  0]LogShaderCompilers: Guid format shader working directory is -17 characters bigger than the processId version (../../../../../../Users/Joe/Desktop/UE Projects/Practice/Final/Intermediate/Shaders/WorkingDirectory/708/).
[2018.05.10-09.36.48:927][  0]LogShaderCompilers: Cleaned the shader compiler working directory 'C:/Users/Joe/AppData/Local/Temp/UnrealShaderWorkingDir/54A3ED6D46FF4510169C1FA32B1BD27C/'.
[2018.05.10-09.36.48:927][  0]LogShaderCompilers: Display: Using Local Shader Compiler.
[2018.05.10-09.36.50:828][  0]LogTemp: Display: Loaded TP AllDesktopTargetPlatform
[2018.05.10-09.36.50:964][  0]LogTemp: Display: Loaded TP MacClientTargetPlatform
[2018.05.10-09.36.51:094][  0]LogTemp: Display: Loaded TP MacNoEditorTargetPlatform
[2018.05.10-09.36.51:224][  0]LogTemp: Display: Loaded TP MacServerTargetPlatform
[2018.05.10-09.36.51:356][  0]LogTemp: Display: Loaded TP MacTargetPlatform
[2018.05.10-09.36.51:488][  0]LogTemp: Display: Loaded TP WindowsClientTargetPlatform
[2018.05.10-09.36.51:618][  0]LogTemp: Display: Loaded TP WindowsNoEditorTargetPlatform
[2018.05.10-09.36.51:747][  0]LogTemp: Display: Loaded TP WindowsServerTargetPlatform
[2018.05.10-09.36.51:870][  0]LogTemp: Display: Loaded TP WindowsTargetPlatform
[2018.05.10-09.36.51:998][  0]LogTemp: Display: Loaded TP Android_ASTCTargetPlatform
[2018.05.10-09.36.52:126][  0]LogTemp: Display: Loaded TP Android_ATCTargetPlatform
[2018.05.10-09.36.52:255][  0]LogTemp: Display: Loaded TP Android_DXTTargetPlatform
[2018.05.10-09.36.52:386][  0]LogTemp: Display: Loaded TP Android_ETC1TargetPlatform
[2018.05.10-09.36.52:514][  0]LogTemp: Display: Loaded TP Android_ETC2TargetPlatform
[2018.05.10-09.36.52:769][  0]LogTemp: Display: Loaded TP Android_MultiTargetPlatform
[2018.05.10-09.36.52:769][  0]LogTemp: Display: Loaded TP Android_PVRTCTargetPlatform
[2018.05.10-09.36.52:901][  0]LogTemp: Display: Loaded TP AndroidTargetPlatform
[2018.05.10-09.36.53:011][  0]LogTemp: Display: Loaded TP HTML5TargetPlatform
[2018.05.10-09.36.53:217][  0]LogTemp: Display: Loaded TP IOSTargetPlatform
[2018.05.10-09.36.53:283][  0]LogTemp: Display: Loaded TP TVOSTargetPlatform
[2018.05.10-09.36.53:412][  0]LogTemp: Display: Loaded TP LinuxClientTargetPlatform
[2018.05.10-09.36.53:546][  0]LogTemp: Display: Loaded TP LinuxNoEditorTargetPlatform
[2018.05.10-09.36.53:675][  0]LogTemp: Display: Loaded TP LinuxServerTargetPlatform
[2018.05.10-09.36.53:803][  0]LogTemp: Display: Loaded TP LinuxTargetPlatform
[2018.05.10-09.36.53:803][  0]LogTargetPlatformManager: Display: Building Assets For Windows
[2018.05.10-09.36.55:069][  0]LogDerivedDataCache: Display: Max Cache Size: 512 MB
[2018.05.10-09.36.55:256][  0]LogDerivedDataCache: Loaded boot cache 0.19s 78MB C:/Users/Joe/AppData/Local/UnrealEngine/4.18/DerivedDataCache/Boot.ddc.
[2018.05.10-09.36.55:256][  0]LogDerivedDataCache: Display: Loaded Boot cache: C:/Users/Joe/AppData/Local/UnrealEngine/4.18/DerivedDataCache/Boot.ddc
[2018.05.10-09.36.55:256][  0]LogDerivedDataCache: FDerivedDataBackendGraph:  Pak pak cache file ../../../../../../Users/Joe/Desktop/UE Projects/Practice/Final/DerivedDataCache/DDC.ddp not found, will not use a pak cache.
[2018.05.10-09.36.55:256][  0]LogDerivedDataCache: Unable to find inner node Pak for hierarchical cache Hierarchy.
[2018.05.10-09.36.55:256][  0]LogDerivedDataCache: FDerivedDataBackendGraph:  CompressedPak pak cache file ../../../../../../Users/Joe/Desktop/UE Projects/Practice/Final/DerivedDataCache/Compressed.ddp not found, will not use a pak cache.
[2018.05.10-09.36.55:256][  0]LogDerivedDataCache: Unable to find inner node CompressedPak for hierarchical cache Hierarchy.
[2018.05.10-09.36.55:285][  0]LogDerivedDataCache: Display: Pak cache opened for reading ../../../Engine/DerivedDataCache/Compressed.ddp.
[2018.05.10-09.36.55:298][  0]LogDerivedDataCache: Using Local data cache path C:/Users/Joe/AppData/Local/UnrealEngine/Common/DerivedDataCache: Writable
[2018.05.10-09.36.55:319][  0]LogMaterial: Verifying Global Shaders for PCD3D_SM5
[2018.05.10-09.36.55:319][  0]LogSlate: Using Freetype 2.6.0
[2018.05.10-09.36.55:320][  0]LogSlate: SlateFontCache - WITH_FREETYPE: 1, WITH_HARFBUZZ: 1
[2018.05.10-09.36.55:320][  0]LogSlate: SlateFontCache - WITH_FREETYPE: 1, WITH_HARFBUZZ: 1
[2018.05.10-09.36.56:017][  0]LogInit: Selected Device Profile: [Windows]
[2018.05.10-09.36.56:797][  0]LogSimplygon: Simplygon DLL not present - disabling.
[2018.05.10-09.36.56:911][  0]LogMeshReduction: Using SimplygonSwarm for distributed automatic mesh merging
[2018.05.10-09.36.56:911][  0]LogMeshReduction: Using QuadricMeshReduction for automatic static mesh reduction
[2018.05.10-09.36.56:911][  0]LogMeshReduction: No automatic skeletal mesh reduction module available
[2018.05.10-09.36.56:911][  0]LogMeshReduction: No automatic mesh merging module available
[2018.05.10-09.36.56:911][  0]LogMeshMerging: No automatic mesh merging module available
[2018.05.10-09.36.56:970][  0]LogNetVersion: Final , NetCL: 3709383, EngineNetVer: 2, GameNetVer: 0 (Checksum: 3613031380)
[2018.05.10-09.36.57:268][  0]LogAssetRegistry: FAssetRegistry took 0.0298 seconds to start up
[2018.05.10-09.36.58:223][  0]LogPackageLocalizationCache: Processed 7 localized package path(s) for 2 prioritized culture(s) in 0.096704 seconds
[2018.05.10-09.36.58:230][  0]LogUObjectArray: 35870 objects as part of root set at end of initial load.
[2018.05.10-09.36.58:231][  0]LogUObjectAllocator: 7363696 out of 0 bytes used by permanent object pool.
[2018.05.10-09.36.58:231][  0]LogUObjectArray: CloseDisregardForGC: 0/0 objects in disregard for GC pool
[2018.05.10-09.36.58:391][  0]LogInit: WinSock: version 1.1 (2.2), MaxSocks=32767, MaxUdp=65467
[2018.05.10-09.37.04:377][  0]LogTcpMessaging: Initializing TcpMessaging bridge
[2018.05.10-09.37.04:470][  0]LogUdpMessaging: Initializing bridge on interface 0.0.0.0:0 to multicast group 230.0.0.1:6666.
[2018.05.10-09.37.06:095][  0]LogMaterial: Uniform references updated for custom material expression Custom.
[2018.05.10-09.37.07:182][  0]SourceControl: Source control is disabled
[2018.05.10-09.37.07:183][  0]SourceControl: Source control is disabled
[2018.05.10-09.37.07:324][  0]SourceControl: Source control is disabled
[2018.05.10-09.37.07:462][  0]SourceControl: Source control is disabled
[2018.05.10-09.37.09:574][  0]LogAndroidPermission: UAndroidPermissionCallbackProxy::GetInstance
[2018.05.10-09.37.10:279][  0]LogOcInput: OculusInput pre-init called
[2018.05.10-09.37.11:015][  0]LogEngine: Initializing Engine...
[2018.05.10-09.37.11:018][  0]LogHMD: Failed to initialize OpenVR with code 110
[2018.05.10-09.37.11:389][  0]LogStats: UGameplayTagsManager::ConstructGameplayTagTree: Construct from data asset -  0.000 s
[2018.05.10-09.37.11:389][  0]LogStats: UGameplayTagsManager::ConstructGameplayTagTree: GameplayTagTreeChangedEvent.Broadcast -  0.000 s
[2018.05.10-09.37.11:745][  0]LogAIModule: Creating AISystem for world Untitled
[2018.05.10-09.37.11:764][  0]LogInit: XAudio2 using 'E241i-A1 (NVIDIA High Definition Audio)' : 2 channels at 48 kHz using 16 bits per sample (channel mask 0x3)
[2018.05.10-09.37.11:778][  0]LogInit: FAudioDevice initialized.
[2018.05.10-09.37.12:042][  0]LogDerivedDataCache: Saved boot cache 0.26s 78MB C:/Users/Joe/AppData/Local/UnrealEngine/4.18/DerivedDataCache/Boot.ddc.
[2018.05.10-09.37.12:089][  0]LogInit: Texture streaming: Enabled
[2018.05.10-09.37.12:373][  0]LogEngineSessionManager: EngineSessionManager initialized
[2018.05.10-09.37.12:725][  0]LogInit: Transaction tracking system initialized
[2018.05.10-09.37.13:626][  0]BlueprintLog: New page: Editor Load
[2018.05.10-09.37.16:809][  0]LocalizationService: Localization service is disabled
[2018.05.10-09.37.19:225][  0]LogConsoleResponse: Display: 
[2018.05.10-09.37.19:585][  0]LogCook: Display: Max memory allowance for cook 16384mb min free memory 0mb
[2018.05.10-09.37.19:585][  0]LogCook: Display: Mobile HDR setting 1
[2018.05.10-09.37.19:585][  0]LogGameplayTags: Display: UGameplayTagsManager::DoneAddingNativeTags. DelegateIsBound: 0
[2018.05.10-09.37.19:665][  0]LogFileCache: Scanning file cache for directory 'C:/Users/Joe/Desktop/UE Projects/Practice/Final/Content/' took 0.02s
[2018.05.10-09.37.22:900][  0]SourceControl: Source control is disabled
[2018.05.10-09.37.22:901][  0]Cmd: MAP LOAD FILE="../../../../../../Users/Joe/Desktop/UE Projects/Practice/Final/Content/FirstPersonBP/Maps/FirstPersonExampleMap.umap" TEMPLATE=0 SHOWPROGRESS=1 FEATURELEVEL=3
[2018.05.10-09.37.22:901][  0]LightingResults: New page: Lighting Build
[2018.05.10-09.37.23:014][  0]MapCheck: New page: Map Check
[2018.05.10-09.37.23:014][  0]LightingResults: New page: Lighting Build
[2018.05.10-09.37.23:975][  0]LogAIModule: Creating AISystem for world FirstPersonExampleMap
[2018.05.10-09.37.23:993][  0]LogEditorServer: Finished looking for orphan Actors (0.000 secs)
[2018.05.10-09.37.24:016][  0]Cmd: MAP CHECKDEP NOCLEARLOG
[2018.05.10-09.37.24:139][  0]MapCheck: Map check complete: 0 Error(s), 0 Warning(s), took 122.894ms to complete.
[2018.05.10-09.37.24:140][  0]LogFileHelpers: Loading map 'FirstPersonExampleMap' took 1.239
[2018.05.10-09.37.24:218][  0]LogWindowsTextInputMethodSystem: Display: IME system now deactivated.
[2018.05.10-09.37.24:383][  0]LogCollectionManager: Loaded 0 collections in 0.003617 seconds
[2018.05.10-09.37.24:547][  0]LogFileCache: Scanning file cache for directory 'C:/Users/Joe/Desktop/UE Projects/Practice/Final/Saved/Collections/' took 0.01s
[2018.05.10-09.37.24:547][  0]LogFileCache: Scanning file cache for directory 'C:/Users/Joe/Desktop/UE Projects/Practice/Final/Content/Developers/Joe/Collections/' took 0.01s
[2018.05.10-09.37.24:547][  0]LogFileCache: Scanning file cache for directory 'C:/Users/Joe/Desktop/UE Projects/Practice/Final/Content/Collections/' took 0.01s
[2018.05.10-09.37.24:547][  0]LogCollectionManager: Rebuilt the GUID cache for 0 collections in 0.000000 seconds
[2018.05.10-09.37.24:564][  0]LogContentBrowser: Native class hierarchy populated in 0.0166 seconds. Added 2363 classes and 519 folders.
[2018.05.10-09.37.24:744][  0]LogContentBrowser: Native class hierarchy updated for 'WidgetCarousel' in 0.0004 seconds. Added 0 classes and 0 folders.
[2018.05.10-09.37.24:831][  0]LogContentBrowser: Native class hierarchy updated for 'AddContentDialog' in 0.0003 seconds. Added 0 classes and 0 folders.
[2018.05.10-09.37.24:947][  0]LogContentBrowser: Native class hierarchy updated for 'SceneOutliner' in 0.0004 seconds. Added 1 classes and 2 folders.
[2018.05.10-09.37.24:973][  0]LogSlate: Took 0.000560 seconds to synchronously load lazily loaded font '../../../Engine/Content/Slate/Fonts/Roboto-Regular.ttf' (155K)
[2018.05.10-09.37.24:977][  0]LogSlate: Took 0.000471 seconds to synchronously load lazily loaded font '../../../Engine/Content/Slate/Fonts/Roboto-Bold.ttf' (160K)
[2018.05.10-09.37.24:991][  0]LogSlate: Took 0.000595 seconds to synchronously load lazily loaded font '../../../Engine/Content/Editor/Slate/Fonts/FontAwesome.ttf' (139K)
[2018.05.10-09.37.25:191][  0]LogRenderer: Reallocating scene render targets to support 1120x612 Format 9 NumSamples 1 (Frame:1).
[2018.05.10-09.37.25:508][  0]LogContentBrowser: Native class hierarchy updated for 'HierarchicalLODOutliner' in 0.0004 seconds. Added 1 classes and 2 folders.
[2018.05.10-09.37.25:508][  0]LogLoad: (Engine Initialization) Total time: 43.35 seconds
[2018.05.10-09.37.25:508][  0]LogLoad: (Engine Initialization) Total Blueprint compile time: 0.00 seconds
[2018.05.10-09.37.25:508][  0]LogExternalProfiler: No external profilers were discovered.  External profiling features will not be available.
[2018.05.10-09.37.25:537][  0]LogContentStreaming: Texture pool size now 400 MB
[2018.05.10-09.37.25:552][  0]LogSlate: Took 0.000413 seconds to synchronously load lazily loaded font '../../../Engine/Content/Slate/Fonts/Roboto-Light.ttf' (159K)
[2018.05.10-09.37.25:686][  2]LogAssetRegistry: Asset discovery search completed in 28.4399 seconds
[2018.05.10-09.37.25:690][  2]LogCollectionManager: Rebuilt the object cache for 0 collections in 0.000001 seconds (found 0 objects)
[2018.05.10-09.37.25:690][  2]LogCollectionManager: Fixed up redirectors for 0 collections in 0.000113 seconds (updated 0 objects)
[2018.05.10-09.37.26:573][ 55]LogSlate: Took 0.000397 seconds to synchronously load lazily loaded font '../../../Engine/Content/Slate/Fonts/Roboto-Light.ttf' (159K)
[2018.05.10-09.37.33:958][723]Cmd: MAP LOAD FILE="../../../../../../Users/Joe/Desktop/UE Projects/Practice/Final/Content/DoomFinal.umap" TEMPLATE=0 SHOWPROGRESS=1 FEATURELEVEL=3
[2018.05.10-09.37.33:972][723]LogSlate: Took 0.000310 seconds to synchronously load lazily loaded font '../../../Engine/Content/Slate/Fonts/Roboto-Light.ttf' (159K)
[2018.05.10-09.37.33:986][723]LightingResults: New page: Lighting Build
[2018.05.10-09.37.33:987][723]LoadErrors: New page: Loading map: DoomFinal.umap
[2018.05.10-09.37.34:002][723]MapCheck: New page: Map Check
[2018.05.10-09.37.34:002][723]LightingResults: New page: Lighting Build
[2018.05.10-09.37.34:628][723]LogAIModule: Creating AISystem for world DoomFinal
[2018.05.10-09.37.34:746][723]LogEditorServer: Finished looking for orphan Actors (0.000 secs)
[2018.05.10-09.37.34:833][723]Cmd: MAP CHECKDEP NOCLEARLOG
[2018.05.10-09.37.34:968][723]MapCheck: Map check complete: 0 Error(s), 0 Warning(s), took 135.418ms to complete.
[2018.05.10-09.37.34:968][723]LogFileHelpers: Loading map 'DoomFinal' took 1.011
[2018.05.10-09.38.18:738][491]LogSourceControl: Warning: '../../../../../../Users/Joe/Desktop/UE Projects/Practice/Final/' is not part of a Git repository
[2018.05.10-09.39.32:676][209]LogSourceControl: Warning: '../../../../../../Users/Joe/Desktop/UE Projects/Practice/Final/' is not part of a Git repository
[2018.05.10-09.40.38:183][164]SourceControl: Error: Failed to enable Git source control. You need to install Git and specify a valid path to git executable.
[2018.05.10-09.40.44:593][730]LogEditorViewport: Clicking on Actor (LMB): StaticMeshActor (CDS)
[2018.05.10-09.40.48:538][  5]SourceControl: Source control is disabled
[2018.05.10-09.40.53:462][369]Cmd: OBJ SAVEPACKAGE PACKAGE="/Game/DoomFinal" FILE="../../../../../../Users/Joe/Desktop/UE Projects/Practice/Final/Content/DoomFinal.umap" SILENT=true AUTOSAVING=false KEEPDIRTY=false
[2018.05.10-09.40.54:569][369]LogSavePackage: Save=1063.67ms
[2018.05.10-09.40.54:569][369]LogSavePackage: Moving '../../../../../../Users/Joe/Desktop/UE Projects/Practice/Final/Saved/DoomFinal6B5460F64B1AAFEEA18003AAB9DA20F8.tmp' to '../../../../../../Users/Joe/Desktop/UE Projects/Practice/Final/Content/DoomFinal.umap'
[2018.05.10-09.40.54:576][369]LogSavePackage: Display: Finished SavePackage ../../../../../../Users/Joe/Desktop/UE Projects/Practice/Final/Content/DoomFinal.umap
[2018.05.10-09.40.54:628][369]LogSlate: Took 0.000381 seconds to synchronously load lazily loaded font '../../../Engine/Content/Slate/Fonts/Roboto-Regular.ttf' (155K)
[2018.05.10-09.40.54:635][369]Cmd: OBJ SAVEPACKAGE PACKAGE="/Game/DoomFinal_BuiltData" FILE="../../../../../../Users/Joe/Desktop/UE Projects/Practice/Final/Content/DoomFinal_BuiltData.uasset" SILENT=true
[2018.05.10-09.40.55:915][369]LogSavePackage: Save=1208.99ms
[2018.05.10-09.40.55:915][369]LogSavePackage: Moving '../../../../../../Users/Joe/Desktop/UE Projects/Practice/Final/Saved/DoomFinal_BuiltData195B72954AA3A3B50AC629BCD28F7CB9.tmp' to '../../../../../../Users/Joe/Desktop/UE Projects/Practice/Final/Content/DoomFinal_BuiltData.uasset'
[2018.05.10-09.40.55:924][369]LogSavePackage: Display: Finished SavePackage ../../../../../../Users/Joe/Desktop/UE Projects/Practice/Final/Content/DoomFinal_BuiltData.uasset
[2018.05.10-09.43.05:500][810]LogTextFormatter: Warning: Failed to parse argument "ExistingAsset" as a number (using "0" as a fallback). Please check your format string for errors: "{ExistingAsset} already exists. Do you want to replace it?".
[2018.05.10-09.43.26:688][302]LogTextFormatter: Warning: Failed to parse argument "ExistingAsset" as a number (using "0" as a fallback). Please check your format string for errors: "{ExistingAsset} already exists. Do you want to replace it?".
[2018.05.10-09.43.28:166][302]Cmd: OBJ SAVEPACKAGE PACKAGE="/Game/DoomFinal" FILE="../../../../../../Users/Joe/Desktop/UE Projects/Practice/Final/Content/DoomFinal.umap" SILENT=true AUTOSAVING=false KEEPDIRTY=false
[2018.05.10-09.43.29:204][302]LogSavePackage: Save=1004.66ms
[2018.05.10-09.43.29:204][302]LogSavePackage: Moving '../../../../../../Users/Joe/Desktop/UE Projects/Practice/Final/Saved/DoomFinalA3CB324A4C77554A48FB9E8E526B201D.tmp' to '../../../../../../Users/Joe/Desktop/UE Projects/Practice/Final/Content/DoomFinal.umap'
[2018.05.10-09.43.29:213][302]LogSavePackage: Display: Finished SavePackage ../../../../../../Users/Joe/Desktop/UE Projects/Practice/Final/Content/DoomFinal.umap
[2018.05.10-09.43.29:256][302]Cmd: OBJ SAVEPACKAGE PACKAGE="/Game/DoomFinal_BuiltData" FILE="../../../../../../Users/Joe/Desktop/UE Projects/Practice/Final/Content/DoomFinal_BuiltData.uasset" SILENT=true
[2018.05.10-09.43.30:358][302]LogSavePackage: Save=1092.28ms
[2018.05.10-09.43.30:358][302]LogSavePackage: Moving '../../../../../../Users/Joe/Desktop/UE Projects/Practice/Final/Saved/DoomFinal_BuiltData13A99082466FDAAD1F947AB6363FADFE.tmp' to '../../../../../../Users/Joe/Desktop/UE Projects/Practice/Final/Content/DoomFinal_BuiltData.uasset'
[2018.05.10-09.43.30:365][302]LogSavePackage: Display: Finished SavePackage ../../../../../../Users/Joe/Desktop/UE Projects/Practice/Final/Content/DoomFinal_BuiltData.uasset
[2018.05.10-09.43.30:375][302]LogFileHelpers: Saving map 'DoomFinal' took 2.376
[2018.05.10-09.43.30:377][302]Cmd: MAP LOAD FILE="../../../../../../Users/Joe/Desktop/UE Projects/Practice/Final/Content/DoomFinal.umap" TEMPLATE=0 SHOWPROGRESS=1 FEATURELEVEL=3
[2018.05.10-09.43.30:396][302]LightingResults: New page: Lighting Build
[2018.05.10-09.43.30:397][302]LoadErrors: New page: Loading map: DoomFinal.umap
[2018.05.10-09.43.30:406][302]MapCheck: New page: Map Check
[2018.05.10-09.43.30:406][302]LightingResults: New page: Lighting Build
[2018.05.10-09.43.30:695][302]LogAIModule: Creating AISystem for world DoomFinal
[2018.05.10-09.43.30:807][302]LogEditorServer: Finished looking for orphan Actors (0.000 secs)
[2018.05.10-09.43.30:890][302]Cmd: MAP CHECKDEP NOCLEARLOG
[2018.05.10-09.43.31:027][302]MapCheck: Map check complete: 0 Error(s), 0 Warning(s), took 136.851ms to complete.
[2018.05.10-09.43.31:027][302]LogFileHelpers: Loading map 'DoomFinal' took 0.652
[2018.05.10-09.45.39:062][445]Cmd: OBJ SAVEPACKAGE PACKAGE="/Game/DoomFinal" FILE="../../../../../../Users/Joe/Desktop/UE Projects/Practice/Final/Content/DoomFinal.umap" SILENT=true AUTOSAVING=false KEEPDIRTY=false
[2018.05.10-09.45.40:144][445]LogSavePackage: Save=1046.63ms
[2018.05.10-09.45.40:144][445]LogSavePackage: Moving '../../../../../../Users/Joe/Desktop/UE Projects/Practice/Final/Saved/DoomFinal793FD0A34E297A69701F1F9DEAED19BD.tmp' to '../../../../../../Users/Joe/Desktop/UE Projects/Practice/Final/Content/DoomFinal.umap'
[2018.05.10-09.45.40:161][445]LogSavePackage: Display: Finished SavePackage ../../../../../../Users/Joe/Desktop/UE Projects/Practice/Final/Content/DoomFinal.umap
[2018.05.10-09.45.40:216][445]Cmd: OBJ SAVEPACKAGE PACKAGE="/Game/DoomFinal_BuiltData" FILE="../../../../../../Users/Joe/Desktop/UE Projects/Practice/Final/Content/DoomFinal_BuiltData.uasset" SILENT=true
[2018.05.10-09.45.41:517][445]LogSavePackage: Save=1289.62ms
[2018.05.10-09.45.41:517][445]LogSavePackage: Moving '../../../../../../Users/Joe/Desktop/UE Projects/Practice/Final/Saved/DoomFinal_BuiltDataFD393AB9403BC0846D55A994FAFF3553.tmp' to '../../../../../../Users/Joe/Desktop/UE Projects/Practice/Final/Content/DoomFinal_BuiltData.uasset'
[2018.05.10-09.45.41:526][445]LogSavePackage: Display: Finished SavePackage ../../../../../../Users/Joe/Desktop/UE Projects/Practice/Final/Content/DoomFinal_BuiltData.uasset
[2018.05.10-09.47.25:557][935]LogDirectoryWatcher: A directory notification failed for 'C:/Users/Joe/Desktop/UE Projects/Practice/Final/Content/Collections/' because it could not be accessed. Aborting watch request...
[2018.05.10-09.47.25:558][935]LogDirectoryWatcher: A directory notification failed for 'C:/Users/Joe/Desktop/UE Projects/Practice/Final/Content/Developers/Joe/Collections/' because it could not be accessed. Aborting watch request...
[2018.05.10-09.47.26:224][937]LogDirectoryWatcher: A directory notification failed for 'C:/Users/Joe/Desktop/UE Projects/Practice/Final/Saved/Collections/' because it could not be accessed. Aborting watch request...
