Log file open, 05/08/18 08:59:20
LogWindows: Failed to load 'aqProf.dll' (GetLastError=126)
LogWindows: File 'aqProf.dll' does not exist
LogWindows: Failed to load 'VSPerf140.dll' (GetLastError=126)
LogWindows: File 'VSPerf140.dll' does not exist
LogWindows: Failed to load 'VtuneApi.dll' (GetLastError=126)
LogWindows: File 'VtuneApi.dll' does not exist
LogWindows: Failed to load 'VtuneApi32e.dll' (GetLastError=126)
LogWindows: File 'VtuneApi32e.dll' does not exist
LogInit: Display: Running engine for game: ourgame
LogPlatformFile: Not using cached read wrapper
LogInit: Display: RandInit(1522091432) SRandInit(1522091433).
LogInit: Read version file with build ID '3709383'
LogInit: Overriding engine version to CL 3832480, compatible CL 3709383
LogInit: Registered custom module enumerator with build ID '3709383'
LogTaskGraph: Started task graph with 5 named threads and 8 total threads with 3 sets of task threads.
LogStats: Stats thread started at 0.260138
LogD3D11RHI: Aftermath initialized
LogModuleManager: Display: Found up-to-date module file ../../../Engine/Plugins/2D/Paper2D/Binaries/Win64/UE4Editor-Paper2D.dll (API version 3709383).
LogModuleManager: Display: Found up-to-date module file ../../../Engine/Plugins/2D/Paper2D/Binaries/Win64/UE4Editor-Paper2DEditor.dll (API version 3709383).
LogModuleManager: Display: Found up-to-date module file ../../../Engine/Plugins/2D/Paper2D/Binaries/Win64/UE4Editor-PaperSpriteSheetImporter.dll (API version 3709383).
LogModuleManager: Display: Found up-to-date module file ../../../Engine/Plugins/2D/Paper2D/Binaries/Win64/UE4Editor-PaperTiledImporter.dll (API version 3709383).
LogModuleManager: Display: Found up-to-date module file ../../../Engine/Plugins/2D/Paper2D/Binaries/Win64/UE4Editor-SmartSnapping.dll (API version 3709383).
LogModuleManager: Display: Found up-to-date module file ../../../Engine/Plugins/Blendables/LightPropagationVolume/Binaries/Win64/UE4Editor-LightPropagationVolumeRuntime.dll (API version 3709383).
LogModuleManager: Display: Found up-to-date module file ../../../Engine/Plugins/Blendables/LightPropagationVolume/Binaries/Win64/UE4Editor-LightPropagationVolumeEditor.dll (API version 3709383).
LogModuleManager: Display: Found up-to-date module file ../../../Engine/Plugins/Developer/GitSourceControl/Binaries/Win64/UE4Editor-GitSourceControl.dll (API version 3709383).
LogModuleManager: Display: Found up-to-date module file ../../../Engine/Plugins/Developer/PerforceSourceControl/Binaries/Win64/UE4Editor-PerforceSourceControl.dll (API version 3709383).
LogModuleManager: Display: Found up-to-date module file ../../../Engine/Plugins/Developer/SubversionSourceControl/Binaries/Win64/UE4Editor-SubversionSourceControl.dll (API version 3709383).
LogModuleManager: Display: Found up-to-date module file ../../../Engine/Plugins/Developer/UObjectPlugin/Binaries/Win64/UE4Editor-UObjectPlugin.dll (API version 3709383).
LogModuleManager: Display: Found up-to-date module file ../../../Engine/Plugins/Developer/VisualStudioCodeSourceCodeAccess/Binaries/Win64/UE4Editor-VisualStudioCodeSourceCodeAccess.dll (API version 3709383).
LogModuleManager: Display: Found up-to-date module file ../../../Engine/Plugins/Developer/VisualStudioSourceCodeAccess/Binaries/Win64/UE4Editor-VisualStudioSourceCodeAccess.dll (API version 3709383).
LogModuleManager: Display: Found up-to-date module file ../../../Engine/Plugins/Editor/AssetManagerEditor/Binaries/Win64/UE4Editor-AssetManagerEditor.dll (API version 3709383).
LogModuleManager: Display: Found up-to-date module file ../../../Engine/Plugins/Editor/AudioCapture/Binaries/Win64/UE4Editor-AudioCapture.dll (API version 3709383).
LogModuleManager: Display: Found up-to-date module file ../../../Engine/Plugins/Editor/FacialAnimation/Binaries/Win64/UE4Editor-FacialAnimation.dll (API version 3709383).
LogModuleManager: Display: Found up-to-date module file ../../../Engine/Plugins/Editor/FacialAnimation/Binaries/Win64/UE4Editor-FacialAnimationEditor.dll (API version 3709383).
LogModuleManager: Display: Found up-to-date module file ../../../Engine/Plugins/Editor/GameplayTagsEditor/Binaries/Win64/UE4Editor-GameplayTagsEditor.dll (API version 3709383).
LogModuleManager: Display: Found up-to-date module file ../../../Engine/Plugins/Editor/MobileLauncherProfileWizard/Binaries/Win64/UE4Editor-MobileLauncherProfileWizard.dll (API version 3709383).
LogModuleManager: Display: Found up-to-date module file ../../../Engine/Plugins/Editor/PluginBrowser/Binaries/Win64/UE4Editor-PluginBrowser.dll (API version 3709383).
LogModuleManager: Display: Found up-to-date module file ../../../Engine/Plugins/Editor/SpeedTreeImporter/Binaries/Win64/UE4Editor-SpeedTreeImporter.dll (API version 3709383).
LogModuleManager: Display: Found up-to-date module file ../../../Engine/Plugins/Experimental/AlembicImporter/Binaries/Win64/UE4Editor-AlembicImporter.dll (API version 3709383).
LogModuleManager: Display: Found up-to-date module file ../../../Engine/Plugins/Experimental/AlembicImporter/Binaries/Win64/UE4Editor-AlembicLibrary.dll (API version 3709383).
LogModuleManager: Display: Found up-to-date module file ../../../Engine/Plugins/Experimental/CharacterAI/Binaries/Win64/UE4Editor-CharacterAI.dll (API version 3709383).
LogModuleManager: Display: Found up-to-date module file ../../../Engine/Plugins/Experimental/HTML5Networking/Binaries/Win64/UE4Editor-HTML5Networking.dll (API version 3709383).
LogModuleManager: Display: Found up-to-date module file ../../../Engine/Plugins/Media/AndroidMedia/Binaries/Win64/UE4Editor-AndroidMediaEditor.dll (API version 3709383).
LogModuleManager: Display: Found up-to-date module file ../../../Engine/Plugins/Media/AndroidMedia/Binaries/Win64/UE4Editor-AndroidMediaFactory.dll (API version 3709383).
LogModuleManager: Display: Found up-to-date module file ../../../Engine/Plugins/Media/AvfMedia/Binaries/Win64/UE4Editor-AvfMediaEditor.dll (API version 3709383).
LogModuleManager: Display: Found up-to-date module file ../../../Engine/Plugins/Media/AvfMedia/Binaries/Win64/UE4Editor-AvfMediaFactory.dll (API version 3709383).
LogModuleManager: Display: Found up-to-date module file ../../../Engine/Plugins/Media/AvfMedia/Binaries/Win64/UE4Editor-AvfMediaFactory.dll (API version 3709383).
LogModuleManager: Display: Found up-to-date module file ../../../Engine/Plugins/Media/ImgMedia/Binaries/Win64/UE4Editor-ImgMedia.dll (API version 3709383).
LogModuleManager: Display: Found up-to-date module file ../../../Engine/Plugins/Media/ImgMedia/Binaries/Win64/UE4Editor-ImgMediaEditor.dll (API version 3709383).
LogModuleManager: Display: Found up-to-date module file ../../../Engine/Plugins/Media/ImgMedia/Binaries/Win64/UE4Editor-ImgMediaFactory.dll (API version 3709383).
LogModuleManager: Display: Found up-to-date module file ../../../Engine/Plugins/Media/ImgMedia/Binaries/Win64/UE4Editor-ImgMediaFactory.dll (API version 3709383).
LogModuleManager: Display: Found up-to-date module file ../../../Engine/Plugins/Media/ImgMedia/Binaries/Win64/UE4Editor-OpenExrWrapper.dll (API version 3709383).
LogModuleManager: Display: Found up-to-date module file ../../../Engine/Plugins/Media/MediaCompositing/Binaries/Win64/UE4Editor-MediaCompositing.dll (API version 3709383).
LogModuleManager: Display: Found up-to-date module file ../../../Engine/Plugins/Media/MediaCompositing/Binaries/Win64/UE4Editor-MediaCompositingEditor.dll (API version 3709383).
LogModuleManager: Display: Found up-to-date module file ../../../Engine/Plugins/Media/MediaPlayerEditor/Binaries/Win64/UE4Editor-MediaPlayerEditor.dll (API version 3709383).
LogModuleManager: Display: Found up-to-date module file ../../../Engine/Plugins/Media/WmfMedia/Binaries/Win64/UE4Editor-WmfMedia.dll (API version 3709383).
LogModuleManager: Display: Found up-to-date module file ../../../Engine/Plugins/Media/WmfMedia/Binaries/Win64/UE4Editor-WmfMediaEditor.dll (API version 3709383).
LogModuleManager: Display: Found up-to-date module file ../../../Engine/Plugins/Media/WmfMedia/Binaries/Win64/UE4Editor-WmfMediaFactory.dll (API version 3709383).
LogModuleManager: Display: Found up-to-date module file ../../../Engine/Plugins/Media/WmfMedia/Binaries/Win64/UE4Editor-WmfMediaFactory.dll (API version 3709383).
LogModuleManager: Display: Found up-to-date module file ../../../Engine/Plugins/Messaging/TcpMessaging/Binaries/Win64/UE4Editor-TcpMessaging.dll (API version 3709383).
LogModuleManager: Display: Found up-to-date module file ../../../Engine/Plugins/Messaging/UdpMessaging/Binaries/Win64/UE4Editor-UdpMessaging.dll (API version 3709383).
LogModuleManager: Display: Found up-to-date module file ../../../Engine/Plugins/MovieScene/ActorSequence/Binaries/Win64/UE4Editor-ActorSequence.dll (API version 3709383).
LogModuleManager: Display: Found up-to-date module file ../../../Engine/Plugins/MovieScene/LevelSequenceEditor/Binaries/Win64/UE4Editor-LevelSequenceEditor.dll (API version 3709383).
LogModuleManager: Display: Found up-to-date module file ../../../Engine/Plugins/MovieScene/MatineeToLevelSequence/Binaries/Win64/UE4Editor-MatineeToLevelSequence.dll (API version 3709383).
LogModuleManager: Display: Found up-to-date module file ../../../Engine/Plugins/Online/OnlineSubsystem/Binaries/Win64/UE4Editor-OnlineSubsystem.dll (API version 3709383).
LogModuleManager: Display: Found up-to-date module file ../../../Engine/Plugins/Runtime/AndroidPermission/Binaries/Win64/UE4Editor-AndroidPermission.dll (API version 3709383).
LogModuleManager: Display: Found up-to-date module file ../../../Engine/Plugins/Online/OnlineSubsystemNull/Binaries/Win64/UE4Editor-OnlineSubsystemNull.dll (API version 3709383).
LogModuleManager: Display: Found up-to-date module file ../../../Engine/Plugins/Online/OnlineSubsystemUtils/Binaries/Win64/UE4Editor-OnlineSubsystemUtils.dll (API version 3709383).
LogModuleManager: Display: Found up-to-date module file ../../../Engine/Plugins/Online/OnlineSubsystemUtils/Binaries/Win64/UE4Editor-OnlineBlueprintSupport.dll (API version 3709383).
LogModuleManager: Display: Found up-to-date module file ../../../Engine/Plugins/Runtime/AndroidDeviceProfileSelector/Binaries/Win64/UE4Editor-AndroidDeviceProfileSelector.dll (API version 3709383).
LogModuleManager: Display: Found up-to-date module file ../../../Engine/Plugins/Runtime/AppleARKit/Binaries/Win64/UE4Editor-AppleARKit.dll (API version 3709383).
LogModuleManager: Display: Found up-to-date module file ../../../Engine/Plugins/Runtime/ArchVisCharacter/Binaries/Win64/UE4Editor-ArchVisCharacter.dll (API version 3709383).
LogModuleManager: Display: Found up-to-date module file ../../../Engine/Plugins/Runtime/CableComponent/Binaries/Win64/UE4Editor-CableComponent.dll (API version 3709383).
LogModuleManager: Display: Found up-to-date module file ../../../Engine/Plugins/Runtime/CustomMeshComponent/Binaries/Win64/UE4Editor-CustomMeshComponent.dll (API version 3709383).
LogModuleManager: Display: Found up-to-date module file ../../../Engine/Plugins/Runtime/ExampleDeviceProfileSelector/Binaries/Win64/UE4Editor-ExampleDeviceProfileSelector.dll (API version 3709383).
LogModuleManager: Display: Found up-to-date module file ../../../Engine/Plugins/Runtime/ImmediatePhysics/Binaries/Win64/UE4Editor-ImmediatePhysics.dll (API version 3709383).
LogModuleManager: Display: Found up-to-date module file ../../../Engine/Plugins/Runtime/ImmediatePhysics/Binaries/Win64/UE4Editor-ImmediatePhysicsEditor.dll (API version 3709383).
LogModuleManager: Display: Found up-to-date module file ../../../Engine/Plugins/Runtime/LocationServicesBPLibrary/Binaries/Win64/UE4Editor-LocationServicesBPLibrary.dll (API version 3709383).
LogModuleManager: Display: Found up-to-date module file ../../../Engine/Plugins/Runtime/MobilePatchingUtils/Binaries/Win64/UE4Editor-MobilePatchingUtils.dll (API version 3709383).
LogModuleManager: Display: Found up-to-date module file ../../../Engine/Plugins/Runtime/Oculus/OculusVR/Binaries/Win64/UE4Editor-OculusHMD.dll (API version 3709383).
LogModuleManager: Display: Found up-to-date module file ../../../Engine/Plugins/Runtime/Oculus/OculusVR/Binaries/Win64/UE4Editor-OculusInput.dll (API version 3709383).
LogModuleManager: Display: Found up-to-date module file ../../../Engine/Plugins/Runtime/Oculus/OculusVR/Binaries/Win64/UE4Editor-OculusEditor.dll (API version 3709383).
LogModuleManager: Display: Found up-to-date module file ../../../Engine/Plugins/Runtime/PhysXVehicles/Binaries/Win64/UE4Editor-PhysXVehicles.dll (API version 3709383).
LogModuleManager: Display: Found up-to-date module file ../../../Engine/Plugins/Runtime/PhysXVehicles/Binaries/Win64/UE4Editor-PhysXVehiclesEditor.dll (API version 3709383).
LogModuleManager: Display: Found up-to-date module file ../../../Engine/Plugins/Runtime/ProceduralMeshComponent/Binaries/Win64/UE4Editor-ProceduralMeshComponent.dll (API version 3709383).
LogModuleManager: Display: Found up-to-date module file ../../../Engine/Plugins/Runtime/ProceduralMeshComponent/Binaries/Win64/UE4Editor-ProceduralMeshComponentEditor.dll (API version 3709383).
LogModuleManager: Display: Found up-to-date module file ../../../Engine/Plugins/Runtime/RuntimePhysXCooking/Binaries/Win64/UE4Editor-RuntimePhysXCooking.dll (API version 3709383).
LogModuleManager: Display: Found up-to-date module file ../../../Engine/Plugins/Runtime/Steam/SteamVR/Binaries/Win64/UE4Editor-SteamVR.dll (API version 3709383).
LogModuleManager: Display: Found up-to-date module file ../../../Engine/Plugins/Runtime/Steam/SteamVR/Binaries/Win64/UE4Editor-SteamVRController.dll (API version 3709383).
LogModuleManager: Display: Found up-to-date module file ../../../Engine/Plugins/Runtime/WindowsMoviePlayer/Binaries/Win64/UE4Editor-WindowsMoviePlayer.dll (API version 3709383).
LogPluginManager: Mounting plugin Paper2D
LogPluginManager: Mounting plugin LightPropagationVolume
LogPluginManager: Mounting plugin CodeLiteSourceCodeAccess
LogPluginManager: Mounting plugin GitSourceControl
LogPluginManager: Mounting plugin KDevelopSourceCodeAccess
LogPluginManager: Mounting plugin NullSourceCodeAccess
LogPluginManager: Mounting plugin PerforceSourceControl
LogPluginManager: Mounting plugin SubversionSourceControl
LogPluginManager: Mounting plugin UObjectPlugin
LogPluginManager: Mounting plugin VisualStudioCodeSourceCodeAccess
LogPluginManager: Mounting plugin VisualStudioSourceCodeAccess
LogPluginManager: Mounting plugin XCodeSourceCodeAccess
LogPluginManager: Mounting plugin AssetManagerEditor
LogPluginManager: Mounting plugin AudioCapture
LogPluginManager: Mounting plugin FacialAnimation
LogPluginManager: Mounting plugin GameplayTagsEditor
LogPluginManager: Mounting plugin MobileLauncherProfileWizard
LogPluginManager: Mounting plugin PluginBrowser
LogPluginManager: Mounting plugin SpeedTreeImporter
LogPluginManager: Mounting plugin AlembicImporter
LogPluginManager: Mounting plugin CharacterAI
LogPluginManager: Mounting plugin HTML5Networking
LogPluginManager: Mounting plugin AndroidMedia
LogPluginManager: Mounting plugin AvfMedia
LogPluginManager: Mounting plugin ImgMedia
LogPluginManager: Mounting plugin MediaCompositing
LogPluginManager: Mounting plugin MediaPlayerEditor
LogPluginManager: Mounting plugin WmfMedia
LogPluginManager: Mounting plugin TcpMessaging
LogPluginManager: Mounting plugin UdpMessaging
LogPluginManager: Mounting plugin ActorSequence
LogPluginManager: Mounting plugin LevelSequenceEditor
LogPluginManager: Mounting plugin MatineeToLevelSequence
LogPluginManager: Mounting plugin OnlineSubsystemGooglePlay
LogPluginManager: Mounting plugin OnlineSubsystemIOS
LogPluginManager: Mounting plugin OnlineSubsystem
LogPluginManager: Mounting plugin OnlineSubsystemNull
LogPluginManager: Mounting plugin OnlineSubsystemUtils
LogPluginManager: Mounting plugin AndroidDeviceProfileSelector
LogPluginManager: Mounting plugin AndroidMoviePlayer
LogPluginManager: Mounting plugin AndroidPermission
LogPluginManager: Mounting plugin AppleARKit
LogPluginManager: Mounting plugin AppleMoviePlayer
LogPluginManager: Mounting plugin ArchVisCharacter
LogPluginManager: Mounting plugin CableComponent
LogPluginManager: Mounting plugin CustomMeshComponent
LogPluginManager: Mounting plugin ExampleDeviceProfileSelector
LogPluginManager: Mounting plugin GoogleCloudMessaging
LogPluginManager: Mounting plugin ImmediatePhysics
LogPluginManager: Mounting plugin IOSDeviceProfileSelector
LogPluginManager: Mounting plugin LinuxDeviceProfileSelector
LogPluginManager: Mounting plugin LocationServicesBPLibrary
LogPluginManager: Mounting plugin MobilePatchingUtils
LogPluginManager: Mounting plugin OculusVR
LogPluginManager: Plugin shader directory ../../../Engine/Plugins/Runtime/Oculus/OculusVR/Shaders found
LogPluginManager: Mapping shader source directory ../../../Engine/Plugins/Runtime/Oculus/OculusVR/Shaders to virtual directory /Plugin/OculusVR
LogPluginManager: Mounting plugin PhysXVehicles
LogPluginManager: Mounting plugin ProceduralMeshComponent
LogPluginManager: Mounting plugin RuntimePhysXCooking
LogPluginManager: Mounting plugin SteamVR
LogPluginManager: Mounting plugin WindowsMoviePlayer
LogInit: Using libcurl 7.47.1
LogInit:  - built for x86_64-pc-win32
LogInit:  - supports SSL with OpenSSL/1.0.2g
LogInit:  - supports HTTP deflate (compression) using libz 1.2.8
LogInit:  - other features:
LogInit:      CURL_VERSION_SSL
LogInit:      CURL_VERSION_LIBZ
LogInit:      CURL_VERSION_IPV6
LogInit:      CURL_VERSION_ASYNCHDNS
LogInit:      CURL_VERSION_LARGEFILE
LogInit:      CURL_VERSION_IDN
LogInit:  CurlRequestOptions (configurable via config and command line):
LogInit:  - bVerifyPeer = false  - Libcurl will NOT verify peer certificate
LogInit:  - bUseHttpProxy = false  - Libcurl will NOT use HTTP proxy
LogInit:  - bDontReuseConnections = false  - Libcurl will reuse connections
LogInit:  - CertBundlePath = nullptr  - Libcurl will use whatever was configured at build time.
LogInit: Build: ++UE4+Release-4.18-CL-3832480
LogInit: Engine Version: 4.18.3-3832480+++UE4+Release-4.18
LogInit: Compatible Engine Version: 4.18.0-3709383+++UE4+Release-4.18
LogInit: Net CL: 3709383
LogDevObjectVersion: Number of dev versions registered: 16
LogDevObjectVersion:   Dev-Blueprints (B0D832E4-1F89-4F0D-ACCF-7EB736FD4AA2): 10
LogDevObjectVersion:   Dev-Build (E1C64328-A22C-4D53-A36C-8E866417BD8C): 0
LogDevObjectVersion:   Dev-Core (375EC13C-06E4-48FB-B500-84F0262A717E): 2
LogDevObjectVersion:   Dev-Editor (E4B068ED-F494-42E9-A231-DA0B2E46BB41): 20
LogDevObjectVersion:   Dev-Framework (CFFC743F-43B0-4480-9391-14DF171D2073): 30
LogDevObjectVersion:   Dev-Mobile (B02B49B5-BB20-44E9-A304-32B752E40360): 0
LogDevObjectVersion:   Dev-Networking (A4E4105C-59A1-49B5-A7C5-40C4547EDFEE): 0
LogDevObjectVersion:   Dev-Online (39C831C9-5AE6-47DC-9A44-9C173E1C8E7C): 0
LogDevObjectVersion:   Dev-Physics (78F01B33-EBEA-4F98-B9B4-84EACCB95AA2): 0
LogDevObjectVersion:   Dev-Platform (6631380F-2D4D-43E0-8009-CF276956A95A): 0
LogDevObjectVersion:   Dev-Rendering (12F88B9F-8875-4AFC-A67C-D90C383ABD29): 20
LogDevObjectVersion:   Dev-Sequencer (7B5AE74C-D270-4C10-A958-57980B212A5A): 4
LogDevObjectVersion:   Dev-VR (D7296918-1DD6-4BDD-9DE2-64A83CC13884): 0
LogDevObjectVersion:   Dev-LoadTimes (C2A15278-BFE7-4AFE-6C17-90FF531DF755): 1
LogDevObjectVersion:   Private-Geometry (6EACA3D4-40EC-4CC1-B786-8BED09428FC5): 1
LogDevObjectVersion:   Dev-AnimPhys (29E575DD-E0A3-4627-9D10-D276232CDCEA): 12
LogInit: Compiled (64-bit): Jan 12 2018 02:04:55
LogInit: Compiled with Visual C++: 19.00.24215.01
LogInit: Build Configuration: Development
LogInit: Branch Name: ++UE4+Release-4.18
LogInit: Command line: -EpicPortal 
LogInit: Base directory: C:/Program Files/Epic Games/UE_4.18/Engine/Binaries/Win64/
LogInit: Installed Engine Build: 1
LogInit: Presizing for max 8388607 objects, including 0 objects not considered by GC, pre-allocating 0 bytes for permanent pool.
LogInit: Object subsystem initialized
[2018.05.08-13.59.23:736][  0]LogInit: Selected Device Profile: [Windows]
[2018.05.08-13.59.23:736][  0]LogInit: Applying CVar settings loaded from the selected device profile: [Windows]
[2018.05.08-13.59.23:837][  0]LogInit: Computer: DESKTOP-FH0Q8V5
[2018.05.08-13.59.23:837][  0]LogInit: User: Joe
[2018.05.08-13.59.23:837][  0]LogInit: CPU Page size=4096, Cores=2
[2018.05.08-13.59.23:837][  0]LogInit: High frequency timer resolution =3.727421 MHz
[2018.05.08-13.59.23:838][  0]LogMemory: Memory total: Physical=8.0GB (8GB approx)
[2018.05.08-13.59.23:838][  0]LogMemory: Platform Memory Stats for Windows
[2018.05.08-13.59.23:838][  0]LogMemory: Process Physical Memory: 275.05 MB used, 275.05 MB peak
[2018.05.08-13.59.23:838][  0]LogMemory: Process Virtual Memory: 271.48 MB used, 271.48 MB peak
[2018.05.08-13.59.23:838][  0]LogMemory: Physical Memory: 5095.16 MB used,  3078.38 MB free, 8173.53 MB total
[2018.05.08-13.59.23:838][  0]LogMemory: Virtual Memory: 680.67 MB used,  3078.38 MB free, 134217728.00 MB total
[2018.05.08-13.59.24:301][  0]LogInit: Using OS detected language (en-US).
[2018.05.08-13.59.24:301][  0]LogInit: Using OS detected locale (en-US).
[2018.05.08-13.59.24:307][  0]LogTextLocalizationManager: No specific localization for 'en-US' exists, so the 'en' localization will be used.
[2018.05.08-13.59.25:464][  0]LogD3D11RHI: D3D11 adapters:
[2018.05.08-13.59.25:557][  0]LogD3D11RHI:    0. 'NVIDIA GeForce GTX 950' (Feature Level 11_0)
[2018.05.08-13.59.25:557][  0]LogD3D11RHI:       2007/0/4086 MB DedicatedVideo/DedicatedSystem/SharedSystem, Outputs:2, VendorId:0x10de
[2018.05.08-13.59.25:561][  0]LogD3D11RHI:    1. 'Microsoft Basic Render Driver' (Feature Level 11_0)
[2018.05.08-13.59.25:561][  0]LogD3D11RHI:       0/0/4086 MB DedicatedVideo/DedicatedSystem/SharedSystem, Outputs:0, VendorId:0x1414
[2018.05.08-13.59.25:561][  0]LogD3D11RHI: Chosen D3D11 Adapter: 0
[2018.05.08-13.59.25:573][  0]LogD3D11RHI: Creating new Direct3DDevice
[2018.05.08-13.59.25:573][  0]LogD3D11RHI:     GPU DeviceId: 0x1402 (for the marketing name, search the web for "GPU Device Id")
[2018.05.08-13.59.25:573][  0]LogWindows: EnumDisplayDevices:
[2018.05.08-13.59.25:573][  0]LogWindows:    0. 'NVIDIA GeForce GTX 950' (P:1 D:1)
[2018.05.08-13.59.25:574][  0]LogWindows:    1. 'NVIDIA GeForce GTX 950' (P:0 D:1)
[2018.05.08-13.59.25:574][  0]LogWindows:    2. 'NVIDIA GeForce GTX 950' (P:0 D:0)
[2018.05.08-13.59.25:574][  0]LogWindows:    3. 'NVIDIA GeForce GTX 950' (P:0 D:0)
[2018.05.08-13.59.25:574][  0]LogWindows: DebugString: GetVideoDriverDetailsInvalid PrimaryIsNotTheChoosenAdapter GetVideoDriverDetailsInvalid PrimaryIsNotTheChoosenAdapter GetVideoDriverDetailsInvalid PrimaryIsNotTheChoosenAdapter GetVideoDriverDetailsInvalid PrimaryIsNotTheChoosenAdapter FoundDriverCount:0 
[2018.05.08-13.59.25:574][  0]LogD3D11RHI:     Adapter Name: NVIDIA GeForce GTX 950
[2018.05.08-13.59.25:574][  0]LogD3D11RHI:   Driver Version: Unknown (internal:Unknown, unified:Unknown)
[2018.05.08-13.59.25:574][  0]LogD3D11RHI:      Driver Date: Unknown
[2018.05.08-13.59.25:574][  0]LogRHI: Texture pool is 1405 MB (70% of 2007 MB)
[2018.05.08-13.59.25:640][  0]LogD3D11RHI: Async texture creation enabled
[2018.05.08-13.59.25:662][  0]LogD3D11RHI: GPU Timing Frequency: 1000.000000 (Debug: 2 2)
[2018.05.08-13.59.25:712][  0]LogShaderCompilers: Guid format shader working directory is -48 characters bigger than the processId version (../../../../../../Users/Joe/Documents/GitHub/game-scripting-final-project-team-armor/ourgame/Intermediate/Shaders/WorkingDirectory/3860/).
[2018.05.08-13.59.25:713][  0]LogShaderCompilers: Cleaned the shader compiler working directory 'C:/Users/Joe/AppData/Local/Temp/UnrealShaderWorkingDir/8740675242D40C678DC3E78AB8CAA0A9/'.
[2018.05.08-13.59.25:713][  0]LogShaderCompilers: Display: Using Local Shader Compiler.
[2018.05.08-13.59.27:791][  0]LogTemp: Display: Loaded TP AllDesktopTargetPlatform
[2018.05.08-13.59.27:934][  0]LogTemp: Display: Loaded TP MacClientTargetPlatform
[2018.05.08-13.59.28:076][  0]LogTemp: Display: Loaded TP MacNoEditorTargetPlatform
[2018.05.08-13.59.28:212][  0]LogTemp: Display: Loaded TP MacServerTargetPlatform
[2018.05.08-13.59.28:356][  0]LogTemp: Display: Loaded TP MacTargetPlatform
[2018.05.08-13.59.28:507][  0]LogTemp: Display: Loaded TP WindowsClientTargetPlatform
[2018.05.08-13.59.28:658][  0]LogTemp: Display: Loaded TP WindowsNoEditorTargetPlatform
[2018.05.08-13.59.28:804][  0]LogTemp: Display: Loaded TP WindowsServerTargetPlatform
[2018.05.08-13.59.28:937][  0]LogTemp: Display: Loaded TP WindowsTargetPlatform
[2018.05.08-13.59.29:082][  0]LogTemp: Display: Loaded TP Android_ASTCTargetPlatform
[2018.05.08-13.59.29:225][  0]LogTemp: Display: Loaded TP Android_ATCTargetPlatform
[2018.05.08-13.59.29:369][  0]LogTemp: Display: Loaded TP Android_DXTTargetPlatform
[2018.05.08-13.59.29:505][  0]LogTemp: Display: Loaded TP Android_ETC1TargetPlatform
[2018.05.08-13.59.29:639][  0]LogTemp: Display: Loaded TP Android_ETC2TargetPlatform
[2018.05.08-13.59.29:921][  0]LogTemp: Display: Loaded TP Android_MultiTargetPlatform
[2018.05.08-13.59.29:921][  0]LogTemp: Display: Loaded TP Android_PVRTCTargetPlatform
[2018.05.08-13.59.30:057][  0]LogTemp: Display: Loaded TP AndroidTargetPlatform
[2018.05.08-13.59.30:181][  0]LogTemp: Display: Loaded TP HTML5TargetPlatform
[2018.05.08-13.59.30:404][  0]LogTemp: Display: Loaded TP IOSTargetPlatform
[2018.05.08-13.59.30:480][  0]LogTemp: Display: Loaded TP TVOSTargetPlatform
[2018.05.08-13.59.30:627][  0]LogTemp: Display: Loaded TP LinuxClientTargetPlatform
[2018.05.08-13.59.30:769][  0]LogTemp: Display: Loaded TP LinuxNoEditorTargetPlatform
[2018.05.08-13.59.30:903][  0]LogTemp: Display: Loaded TP LinuxServerTargetPlatform
[2018.05.08-13.59.31:040][  0]LogTemp: Display: Loaded TP LinuxTargetPlatform
[2018.05.08-13.59.31:040][  0]LogTargetPlatformManager: Display: Building Assets For Windows
[2018.05.08-13.59.32:405][  0]LogDerivedDataCache: Display: Max Cache Size: 512 MB
[2018.05.08-13.59.32:657][  0]LogDerivedDataCache: Loaded boot cache 0.25s 78MB C:/Users/Joe/AppData/Local/UnrealEngine/4.18/DerivedDataCache/Boot.ddc.
[2018.05.08-13.59.32:658][  0]LogDerivedDataCache: Display: Loaded Boot cache: C:/Users/Joe/AppData/Local/UnrealEngine/4.18/DerivedDataCache/Boot.ddc
[2018.05.08-13.59.32:658][  0]LogDerivedDataCache: FDerivedDataBackendGraph:  Pak pak cache file ../../../../../../Users/Joe/Documents/GitHub/game-scripting-final-project-team-armor/ourgame/DerivedDataCache/DDC.ddp not found, will not use a pak cache.
[2018.05.08-13.59.32:658][  0]LogDerivedDataCache: Unable to find inner node Pak for hierarchical cache Hierarchy.
[2018.05.08-13.59.32:658][  0]LogDerivedDataCache: FDerivedDataBackendGraph:  CompressedPak pak cache file ../../../../../../Users/Joe/Documents/GitHub/game-scripting-final-project-team-armor/ourgame/DerivedDataCache/Compressed.ddp not found, will not use a pak cache.
[2018.05.08-13.59.32:658][  0]LogDerivedDataCache: Unable to find inner node CompressedPak for hierarchical cache Hierarchy.
[2018.05.08-13.59.32:686][  0]LogDerivedDataCache: Display: Pak cache opened for reading ../../../Engine/DerivedDataCache/Compressed.ddp.
[2018.05.08-13.59.32:699][  0]LogDerivedDataCache: Using Local data cache path C:/Users/Joe/AppData/Local/UnrealEngine/Common/DerivedDataCache: Writable
[2018.05.08-13.59.32:720][  0]LogMaterial: Verifying Global Shaders for PCD3D_SM5
[2018.05.08-13.59.32:720][  0]LogSlate: Using Freetype 2.6.0
[2018.05.08-13.59.32:721][  0]LogSlate: SlateFontCache - WITH_FREETYPE: 1, WITH_HARFBUZZ: 1
[2018.05.08-13.59.32:721][  0]LogSlate: SlateFontCache - WITH_FREETYPE: 1, WITH_HARFBUZZ: 1
[2018.05.08-13.59.33:518][  0]LogInit: Selected Device Profile: [Windows]
[2018.05.08-13.59.34:395][  0]LogSimplygon: Simplygon DLL not present - disabling.
[2018.05.08-13.59.34:514][  0]LogMeshReduction: Using SimplygonSwarm for distributed automatic mesh merging
[2018.05.08-13.59.34:514][  0]LogMeshReduction: Using QuadricMeshReduction for automatic static mesh reduction
[2018.05.08-13.59.34:514][  0]LogMeshReduction: No automatic skeletal mesh reduction module available
[2018.05.08-13.59.34:514][  0]LogMeshReduction: No automatic mesh merging module available
[2018.05.08-13.59.34:514][  0]LogMeshMerging: No automatic mesh merging module available
[2018.05.08-13.59.34:773][  0]LogNetVersion: ourgame , NetCL: 3709383, EngineNetVer: 2, GameNetVer: 0 (Checksum: 2222955320)
[2018.05.08-13.59.35:110][  0]LogAssetRegistry: FAssetRegistry took 0.0322 seconds to start up
[2018.05.08-13.59.36:501][  0]LogPackageLocalizationCache: Processed 7 localized package path(s) for 2 prioritized culture(s) in 0.195041 seconds
[2018.05.08-13.59.36:512][  0]LogUObjectArray: 35870 objects as part of root set at end of initial load.
[2018.05.08-13.59.36:512][  0]LogUObjectAllocator: 7363704 out of 0 bytes used by permanent object pool.
[2018.05.08-13.59.36:512][  0]LogUObjectArray: CloseDisregardForGC: 0/0 objects in disregard for GC pool
[2018.05.08-13.59.36:679][  0]LogInit: WinSock: version 1.1 (2.2), MaxSocks=32767, MaxUdp=65467
[2018.05.08-13.59.43:329][  0]LogTcpMessaging: Initializing TcpMessaging bridge
[2018.05.08-13.59.43:425][  0]LogUdpMessaging: Initializing bridge on interface 0.0.0.0:0 to multicast group 230.0.0.1:6666.
[2018.05.08-13.59.45:254][  0]LogMaterial: Uniform references updated for custom material expression Custom.
[2018.05.08-13.59.46:404][  0]SourceControl: Source control is disabled
[2018.05.08-13.59.46:404][  0]SourceControl: Source control is disabled
[2018.05.08-13.59.46:558][  0]SourceControl: Source control is disabled
[2018.05.08-13.59.46:717][  0]SourceControl: Source control is disabled
[2018.05.08-13.59.49:135][  0]LogAndroidPermission: UAndroidPermissionCallbackProxy::GetInstance
[2018.05.08-13.59.50:035][  0]LogOcInput: OculusInput pre-init called
[2018.05.08-13.59.51:034][  0]LogEngine: Initializing Engine...
[2018.05.08-13.59.51:039][  0]LogHMD: Failed to initialize OpenVR with code 110
[2018.05.08-13.59.51:576][  0]LogStats: UGameplayTagsManager::ConstructGameplayTagTree: Construct from data asset -  0.000 s
[2018.05.08-13.59.51:611][  0]LogStats: UGameplayTagsManager::ConstructGameplayTagTree: GameplayTagTreeChangedEvent.Broadcast -  0.000 s
[2018.05.08-13.59.52:301][  0]LogAIModule: Creating AISystem for world Untitled
[2018.05.08-13.59.52:387][  0]LogInit: XAudio2 using 'E241i-A1 (NVIDIA High Definition Audio)' : 2 channels at 48 kHz using 16 bits per sample (channel mask 0x3)
[2018.05.08-13.59.52:417][  0]LogInit: FAudioDevice initialized.
[2018.05.08-13.59.53:209][  0]LogDerivedDataCache: Saved boot cache 0.79s 78MB C:/Users/Joe/AppData/Local/UnrealEngine/4.18/DerivedDataCache/Boot.ddc.
[2018.05.08-13.59.53:254][  0]LogInit: Texture streaming: Enabled
[2018.05.08-13.59.54:569][  0]LogEngineSessionManager: EngineSessionManager initialized
[2018.05.08-13.59.55:238][  0]LogInit: Transaction tracking system initialized
[2018.05.08-13.59.56:675][  0]BlueprintLog: New page: Editor Load
[2018.05.08-14.00.00:968][  0]LocalizationService: Localization service is disabled
[2018.05.08-14.00.05:504][  0]LogConsoleResponse: Display: 
[2018.05.08-14.00.06:820][  0]LogCook: Display: Max memory allowance for cook 16384mb min free memory 0mb
[2018.05.08-14.00.06:820][  0]LogCook: Display: Mobile HDR setting 1
[2018.05.08-14.00.06:820][  0]LogGameplayTags: Display: UGameplayTagsManager::DoneAddingNativeTags. DelegateIsBound: 0
[2018.05.08-14.00.07:921][  0]LogFileCache: Scanning file cache for directory 'C:/Users/Joe/Documents/GitHub/game-scripting-final-project-team-armor/ourgame/Content/' took 0.13s
[2018.05.08-14.00.12:678][  0]SourceControl: Source control is disabled
[2018.05.08-14.00.12:678][  0]Cmd: MAP LOAD FILE="../../../../../../Users/Joe/Documents/GitHub/game-scripting-final-project-team-armor/ourgame/Content/StarterContent/Maps/Minimal_Default.umap" TEMPLATE=0 SHOWPROGRESS=1 FEATURELEVEL=3
[2018.05.08-14.00.12:751][  0]LightingResults: New page: Lighting Build
[2018.05.08-14.00.12:890][  0]MapCheck: New page: Map Check
[2018.05.08-14.00.12:890][  0]LightingResults: New page: Lighting Build
[2018.05.08-14.00.17:605][  0]LogAIModule: Creating AISystem for world Minimal_Default
[2018.05.08-14.00.17:982][  0]LogEditorServer: Finished looking for orphan Actors (0.000 secs)
[2018.05.08-14.00.18:065][  0]Cmd: MAP CHECKDEP NOCLEARLOG
[2018.05.08-14.00.18:270][  0]MapCheck: Map check complete: 0 Error(s), 0 Warning(s), took 204.77ms to complete.
[2018.05.08-14.00.18:270][  0]LogFileHelpers: Loading map 'Minimal_Default' took 5.593
[2018.05.08-14.00.18:541][  0]LogWindowsTextInputMethodSystem: Display: IME system now deactivated.
[2018.05.08-14.00.25:005][  0]LogCollectionManager: Loaded 0 collections in 0.003264 seconds
[2018.05.08-14.00.25:763][  0]LogFileCache: Scanning file cache for directory 'C:/Users/Joe/Documents/GitHub/game-scripting-final-project-team-armor/ourgame/Saved/Collections/' took 0.01s
[2018.05.08-14.00.25:763][  0]LogFileCache: Scanning file cache for directory 'C:/Users/Joe/Documents/GitHub/game-scripting-final-project-team-armor/ourgame/Content/Developers/Joe/Collections/' took 0.01s
[2018.05.08-14.00.25:763][  0]LogFileCache: Scanning file cache for directory 'C:/Users/Joe/Documents/GitHub/game-scripting-final-project-team-armor/ourgame/Content/Collections/' took 0.01s
[2018.05.08-14.00.25:763][  0]LogCollectionManager: Rebuilt the GUID cache for 0 collections in 0.000000 seconds
[2018.05.08-14.00.25:816][  0]LogContentBrowser: Native class hierarchy populated in 0.0511 seconds. Added 2363 classes and 519 folders.
[2018.05.08-14.00.26:530][  0]LogContentBrowser: Native class hierarchy updated for 'WidgetCarousel' in 0.0004 seconds. Added 0 classes and 0 folders.
[2018.05.08-14.00.30:645][  0]LogContentBrowser: Native class hierarchy updated for 'AddContentDialog' in 0.0005 seconds. Added 0 classes and 0 folders.
[2018.05.08-14.00.31:444][  0]LogContentBrowser: Native class hierarchy updated for 'SceneOutliner' in 0.0005 seconds. Added 1 classes and 2 folders.
[2018.05.08-14.00.32:908][  0]LogSlate: Took 0.016339 seconds to synchronously load lazily loaded font '../../../Engine/Content/Slate/Fonts/Roboto-Regular.ttf' (155K)
[2018.05.08-14.00.32:949][  0]LogSlate: Took 0.037154 seconds to synchronously load lazily loaded font '../../../Engine/Content/Slate/Fonts/Roboto-Bold.ttf' (160K)
[2018.05.08-14.00.33:236][  0]LogSlate: Took 0.066758 seconds to synchronously load lazily loaded font '../../../Engine/Content/Editor/Slate/Fonts/FontAwesome.ttf' (139K)
[2018.05.08-14.00.35:719][  0]LogRenderer: Reallocating scene render targets to support 1120x612 Format 9 NumSamples 1 (Frame:1).
[2018.05.08-14.00.38:436][  0]LogContentBrowser: Native class hierarchy updated for 'HierarchicalLODOutliner' in 0.0004 seconds. Added 1 classes and 2 folders.
[2018.05.08-14.00.38:436][  0]LogLoad: (Engine Initialization) Total time: 80.53 seconds
[2018.05.08-14.00.38:436][  0]LogLoad: (Engine Initialization) Total Blueprint compile time: 0.00 seconds
[2018.05.08-14.00.38:436][  0]LogExternalProfiler: No external profilers were discovered.  External profiling features will not be available.
[2018.05.08-14.00.38:560][  0]LogContentStreaming: Texture pool size now 400 MB
[2018.05.08-14.00.38:779][  0]LogSlate: Took 0.034618 seconds to synchronously load lazily loaded font '../../../Engine/Content/Slate/Fonts/Roboto-Light.ttf' (159K)
[2018.05.08-14.00.39:752][  4]LogAssetRegistry: Asset discovery search completed in 64.6641 seconds
[2018.05.08-14.00.39:755][  4]LogCollectionManager: Rebuilt the object cache for 0 collections in 0.000001 seconds (found 0 objects)
[2018.05.08-14.00.39:755][  4]LogCollectionManager: Fixed up redirectors for 0 collections in 0.000104 seconds (updated 0 objects)
[2018.05.08-14.01.02:032][340]Cmd: MAP LOAD FILE="../../../../../../Users/Joe/Documents/GitHub/game-scripting-final-project-team-armor/ourgame/Content/ourgame/pitch/DoomCarnival.umap" TEMPLATE=0 SHOWPROGRESS=1 FEATURELEVEL=3
[2018.05.08-14.01.02:075][340]LogSlate: Took 0.000340 seconds to synchronously load lazily loaded font '../../../Engine/Content/Slate/Fonts/Roboto-Light.ttf' (159K)
[2018.05.08-14.01.02:099][340]LightingResults: New page: Lighting Build
[2018.05.08-14.01.02:102][340]LoadErrors: New page: Loading map: DoomCarnival.umap
[2018.05.08-14.01.02:332][340]MapCheck: New page: Map Check
[2018.05.08-14.01.02:332][340]LightingResults: New page: Lighting Build
[2018.05.08-14.01.08:278][340]LogSlate: Took 0.000628 seconds to synchronously load lazily loaded font '../../../Engine/Content/Slate/Fonts/Roboto-Regular.ttf' (155K)
[2018.05.08-14.01.10:167][340]LogAIModule: Creating AISystem for world DoomCarnival
[2018.05.08-14.01.15:605][340]LogEditorServer: Finished looking for orphan Actors (0.000 secs)
[2018.05.08-14.01.15:862][340]Cmd: MAP CHECKDEP NOCLEARLOG
[2018.05.08-14.01.16:100][340]MapCheck: Map check complete: 0 Error(s), 0 Warning(s), took 238.086ms to complete.
[2018.05.08-14.01.16:101][340]LogFileHelpers: Loading map 'DoomCarnival' took 14.123
[2018.05.08-14.01.26:071][119]LogEditorViewport: Clicking on Actor (LMB): PlayerStart (PlayerStart)
[2018.05.08-14.01.31:811][402]LogNavigationPoint: PostEditMove Clear paths rebuilt
[2018.05.08-14.01.36:121][756]LogSlate: Took 0.041982 seconds to synchronously load lazily loaded font '../../../Engine/Content/Editor/Slate/Fonts/Roboto-Italic.ttf' (157K)
[2018.05.08-14.04.19:372][369]LogFactory: FactoryCreateFile: StaticMesh with FbxFactory (0 0 ../../../../../../Users/Joe/Desktop/Projects/HouseWithSol.fbx)
[2018.05.08-14.04.20:050][369]LogFbx: ItemName: GlobalSettings, ItemCount : 1
[2018.05.08-14.04.20:050][369]LogFbx: ItemName: NodeAttribute, ItemCount : 2
[2018.05.08-14.04.20:050][369]LogFbx: ItemName: Geometry, ItemCount : 1
[2018.05.08-14.04.20:050][369]LogFbx: ItemName: Model, ItemCount : 3
[2018.05.08-14.04.20:050][369]LogFbx: ItemName: Material, ItemCount : 3
[2018.05.08-14.04.20:073][369]LogFbx: Loading FBX Scene from ../../../../../../Users/Joe/Desktop/Projects/HouseWithSol.fbx
[2018.05.08-14.04.20:214][369]LogFbx: FBX Scene Loaded Succesfully
[2018.05.08-14.04.25:024][369]LogFbx: Loading FBX Scene from ../../../../../../Users/Joe/Desktop/Projects/HouseWithSol.fbx
[2018.05.08-14.04.25:037][369]LogFbx: FBX Scene Loaded Succesfully
[2018.05.08-14.04.25:326][369]LogFbx: Warning: Triangulating static mesh Cube
[2018.05.08-14.04.26:289][369]LogStaticMesh: Building static mesh HouseWithSol...
[2018.05.08-14.04.26:447][369]LogStaticMesh: Built static mesh [0.18s] /Game/StarterContent/Architecture/HouseWithSol.HouseWithSol
[2018.05.08-14.04.26:502][369]LogStaticMesh: Warning: HouseWithSol has degenerate tangent bases which will result in incorrect shading.  MikkTSpace relies on tangent bases and may result in mesh corruption, consider disabling this option.
[2018.05.08-14.04.26:502][369]LogStaticMesh: Warning: HouseWithSol has some nearly zero bi-normals which can create some issues. (Tolerance of 1E-4)
[2018.05.08-14.04.26:779][369]FBXImport: Warning: No smoothing group information was found in this FBX scene.  Please make sure to enable the 'Export Smoothing Groups' option in the FBX Exporter plug-in before exporting the file.  Even for tools that don't support smoothing groups, the FBX Exporter will generate appropriate smoothing data at export-time so that correct vertex normals can be inferred while importing. 
[2018.05.08-14.04.26:779][369]FBXImport: Warning: HouseWithSol has degenerate tangent bases which will result in incorrect shading.  MikkTSpace relies on tangent bases and may result in mesh corruption, consider disabling this option. 
[2018.05.08-14.04.26:779][369]FBXImport: Warning: HouseWithSol has some nearly zero bi-normals which can create some issues. (Tolerance of 1E-4) 
[2018.05.08-14.04.33:355][778]LogActorFactory: Actor Factory created HouseWithSol
[2018.05.08-14.04.35:086][877]LogActorFactory: Actor Factory created HouseWithSol
[2018.05.08-14.04.57:234][313]LogTemp: Repeating last play command: Selected Viewport
[2018.05.08-14.04.57:543][313]LogPlayLevel: PlayLevel: No blueprints needed recompiling
[2018.05.08-14.04.57:655][313]PIE: New page: PIE session: DoomCarnival (May 8, 2018, 4:04:57 AM)
[2018.05.08-14.04.57:690][313]LogPlayLevel: Creating play world package: /Game/ourgame/pitch/UEDPIE_0_DoomCarnival
[2018.05.08-14.04.57:943][313]LogPlayLevel: PIE: StaticDuplicateObject took: (0.252804s)
[2018.05.08-14.04.57:944][313]LogAIModule: Creating AISystem for world DoomCarnival
[2018.05.08-14.04.57:957][313]LogPlayLevel: PIE: World Init took: (0.014250s)
[2018.05.08-14.04.57:957][313]LogPlayLevel: PIE: Created PIE world by copying editor world from /Game/ourgame/pitch/DoomCarnival.DoomCarnival to /Game/ourgame/pitch/UEDPIE_0_DoomCarnival.DoomCarnival (0.267765s)
[2018.05.08-14.04.58:335][313]LogInit: XAudio2 using 'E241i-A1 (NVIDIA High Definition Audio)' : 2 channels at 48 kHz using 16 bits per sample (channel mask 0x3)
[2018.05.08-14.04.58:344][313]LogInit: FAudioDevice initialized.
[2018.05.08-14.04.58:577][313]LogLoad: Game class is 'GameModeBase'
[2018.05.08-14.04.59:751][313]LogWorld: Bringing World /Game/ourgame/pitch/UEDPIE_0_DoomCarnival.DoomCarnival up for play (max tick rate 0) at 2018.05.08-09.04.59
[2018.05.08-14.04.59:844][313]LogWorld: Bringing up level for play took: 0.132992
[2018.05.08-14.05.03:773][313]LogContentBrowser: Native class hierarchy updated for 'MovieSceneCapture' in 0.0010 seconds. Added 11 classes and 0 folders.
[2018.05.08-14.05.03:997][313]PIE: Play in editor start time for /Game/ourgame/pitch/UEDPIE_0_DoomCarnival 6.406
[2018.05.08-14.05.41:288][706]LogSavePackage: Save=3932.04ms
[2018.05.08-14.05.41:288][706]LogSavePackage: Moving '../../../../../../Users/Joe/Documents/GitHub/game-scripting-final-project-team-armor/ourgame/Saved/DoomCarnival24E188E847DAAEA45177E5A7A21CA0B7.tmp' to '../../../../../../Users/Joe/Documents/GitHub/game-scripting-final-project-team-armor/ourgame/Content/ourgame/pitch/DoomCarnival.umap'
[2018.05.08-14.05.41:443][706]LogSavePackage: Display: Finished SavePackage ../../../../../../Users/Joe/Documents/GitHub/game-scripting-final-project-team-armor/ourgame/Content/ourgame/pitch/DoomCarnival.umap
[2018.05.08-14.05.42:816][706]LogSavePackage: Save=741.26ms
[2018.05.08-14.05.42:816][706]LogSavePackage: Moving '../../../../../../Users/Joe/Documents/GitHub/game-scripting-final-project-team-armor/ourgame/Saved/DoomCarnival_BuiltData09D8779B497EA33934AFCD932C1DB88E.tmp' to '../../../../../../Users/Joe/Documents/GitHub/game-scripting-final-project-team-armor/ourgame/Content/ourgame/pitch/DoomCarnival_BuiltData.uasset'
[2018.05.08-14.05.42:839][706]LogSavePackage: Display: Finished SavePackage ../../../../../../Users/Joe/Documents/GitHub/game-scripting-final-project-team-armor/ourgame/Content/ourgame/pitch/DoomCarnival_BuiltData.uasset
[2018.05.08-14.06.32:948][  9]LogSavePackage: Save=37.59ms
[2018.05.08-14.06.32:948][  9]LogSavePackage: Moving '../../../../../../Users/Joe/Documents/GitHub/game-scripting-final-project-team-armor/ourgame/Saved/HouseWithSol2FCE33274D17DF74BF85369DCB74875A.tmp' to '../../../../../../Users/Joe/Documents/GitHub/game-scripting-final-project-team-armor/ourgame/Content/StarterContent/Architecture/HouseWithSol.uasset'
[2018.05.08-14.06.32:953][  9]LogSavePackage: Display: Finished SavePackage ../../../../../../Users/Joe/Documents/GitHub/game-scripting-final-project-team-armor/ourgame/Content/StarterContent/Architecture/HouseWithSol.uasset
[2018.05.08-14.06.34:014][  9]LogWindowsTextInputMethodSystem: Display: IME system now deactivated.
[2018.05.08-14.06.34:687][ 10]Cmd: QUIT_EDITOR
[2018.05.08-14.06.35:748][ 10]LogExit: Preparing to exit.
[2018.05.08-14.06.37:184][ 10]LogDirectoryWatcher: A directory notification for 'C:/Users/Joe/Documents/GitHub/game-scripting-final-project-team-armor/ourgame/Content/' was aborted.
[2018.05.08-14.06.37:474][ 10]LogExit: Editor shut down
[2018.05.08-14.06.37:486][ 10]LogExit: Transaction tracking system shut down
[2018.05.08-14.06.38:021][ 10]LogDirectoryWatcher: A directory notification for '../../../Engine/Content/' was aborted.
[2018.05.08-14.06.38:021][ 10]LogDirectoryWatcher: A directory notification for '../../../../../../Users/Joe/Documents/GitHub/game-scripting-final-project-team-armor/ourgame/Content/' was aborted.
[2018.05.08-14.06.38:022][ 10]LogDirectoryWatcher: A directory notification for '../../../Engine/Plugins/2D/Paper2D/Content/' was aborted.
[2018.05.08-14.06.38:022][ 10]LogDirectoryWatcher: A directory notification for '../../../Engine/Plugins/Media/MediaCompositing/Content/' was aborted.
[2018.05.08-14.06.38:022][ 10]LogDirectoryWatcher: A directory notification for '../../../Engine/Plugins/Runtime/AppleARKit/Content/' was aborted.
[2018.05.08-14.06.38:022][ 10]LogDirectoryWatcher: A directory notification for '../../../Engine/Plugins/Runtime/Oculus/OculusVR/Content/' was aborted.
[2018.05.08-14.06.38:022][ 10]LogDirectoryWatcher: A directory notification for '../../../Engine/Plugins/Runtime/Steam/SteamVR/Content/' was aborted.
[2018.05.08-14.06.40:027][ 10]LogExit: Object subsystem successfully closed.
[2018.05.08-14.06.41:015][ 10]LogD3D11RHI: Shutdown
[2018.05.08-14.06.41:035][ 10]LogD3D11RHI: CleanupD3DDevice
[2018.05.08-14.06.41:171][ 10]LogD3D11RHI: ~FD3D11DynamicRHI
[2018.05.08-14.06.44:160][ 10]LogModuleManager: Shutting down and abandoning module MovieSceneCapture (552)
[2018.05.08-14.06.44:171][ 10]LogModuleManager: Shutting down and abandoning module NewLevelDialog (550)
[2018.05.08-14.06.44:171][ 10]LogModuleManager: Shutting down and abandoning module HierarchicalLODOutliner (548)
[2018.05.08-14.06.44:171][ 10]LogModuleManager: Shutting down and abandoning module SceneOutliner (546)
[2018.05.08-14.06.44:171][ 10]LogModuleManager: Shutting down and abandoning module AddContentDialog (544)
[2018.05.08-14.06.44:197][ 10]LogDirectoryWatcher: A directory notification for 'C:/Program Files/Epic Games/UE_4.18/FeaturePacks/' was aborted.
[2018.05.08-14.06.44:202][ 10]LogModuleManager: Shutting down and abandoning module WidgetCarousel (543)
[2018.05.08-14.06.44:203][ 10]LogModuleManager: Shutting down and abandoning module EditorWidgets (540)
[2018.05.08-14.06.44:203][ 10]LogModuleManager: Shutting down and abandoning module CollectionManager (538)
[2018.05.08-14.06.44:207][ 10]LogDirectoryWatcher: A directory notification for 'C:/Users/Joe/Documents/GitHub/game-scripting-final-project-team-armor/ourgame/Content/Collections/' was aborted.
[2018.05.08-14.06.44:207][ 10]LogDirectoryWatcher: A directory notification for 'C:/Users/Joe/Documents/GitHub/game-scripting-final-project-team-armor/ourgame/Content/Developers/Joe/Collections/' was aborted.
[2018.05.08-14.06.44:207][ 10]LogDirectoryWatcher: A directory notification for 'C:/Users/Joe/Documents/GitHub/game-scripting-final-project-team-armor/ourgame/Saved/Collections/' was aborted.
[2018.05.08-14.06.44:207][ 10]LogModuleManager: Shutting down and abandoning module StatsViewer (536)
[2018.05.08-14.06.44:218][ 10]LogModuleManager: Shutting down and abandoning module FoliageEdit (534)
[2018.05.08-14.06.44:254][ 10]LogModuleManager: Shutting down and abandoning module LandscapeEditor (532)
[2018.05.08-14.06.44:296][ 10]LogModuleManager: Shutting down and abandoning module MeshPaintMode (530)
[2018.05.08-14.06.44:350][ 10]LogModuleManager: Shutting down and abandoning module SceneDepthPickerMode (528)
[2018.05.08-14.06.44:350][ 10]LogModuleManager: Shutting down and abandoning module ActorPickerMode (526)
[2018.05.08-14.06.44:350][ 10]LogModuleManager: Shutting down and abandoning module GeometryMode (524)
[2018.05.08-14.06.44:350][ 10]LogModuleManager: Shutting down and abandoning module TextureAlignMode (522)
[2018.05.08-14.06.44:350][ 10]LogModuleManager: Shutting down and abandoning module BspMode (520)
[2018.05.08-14.06.44:351][ 10]LogModuleManager: Shutting down and abandoning module PIEPreviewDeviceProfileSelector (518)
[2018.05.08-14.06.44:351][ 10]LogModuleManager: Shutting down and abandoning module HardwareSurvey (516)
[2018.05.08-14.06.44:351][ 10]LogModuleManager: Shutting down and abandoning module SequenceRecorderSections (514)
[2018.05.08-14.06.44:383][ 10]LogModuleManager: Shutting down and abandoning module AutomationWorker (512)
[2018.05.08-14.06.44:394][ 10]LogModuleManager: Shutting down and abandoning module MatineeToLevelSequence (510)
[2018.05.08-14.06.44:404][ 10]LogModuleManager: Shutting down and abandoning module LevelSequenceEditor (508)
[2018.05.08-14.06.44:567][ 10]LogModuleManager: Shutting down and abandoning module PlacementMode (507)
[2018.05.08-14.06.44:567][ 10]LogModuleManager: Shutting down and abandoning module WmfMediaFactory (504)
[2018.05.08-14.06.44:567][ 10]LogModuleManager: Shutting down and abandoning module WmfMediaEditor (502)
[2018.05.08-14.06.44:567][ 10]LogModuleManager: Shutting down and abandoning module OpenExrWrapper (500)
[2018.05.08-14.06.44:567][ 10]LogModuleManager: Shutting down and abandoning module ImgMediaFactory (498)
[2018.05.08-14.06.44:567][ 10]LogModuleManager: Shutting down and abandoning module ImgMediaEditor (496)
[2018.05.08-14.06.44:567][ 10]LogModuleManager: Shutting down and abandoning module AvfMediaFactory (494)
[2018.05.08-14.06.44:567][ 10]LogModuleManager: Shutting down and abandoning module AvfMediaEditor (492)
[2018.05.08-14.06.44:567][ 10]LogModuleManager: Shutting down and abandoning module AndroidMediaFactory (490)
[2018.05.08-14.06.44:567][ 10]LogModuleManager: Shutting down and abandoning module AndroidMediaEditor (488)
[2018.05.08-14.06.44:568][ 10]LogModuleManager: Shutting down and abandoning module CharacterAI (486)
[2018.05.08-14.06.44:568][ 10]LogModuleManager: Shutting down and abandoning module AudioCapture (484)
[2018.05.08-14.06.44:607][ 10]LogModuleManager: Shutting down and abandoning module SequenceRecorder (483)
[2018.05.08-14.06.44:622][ 10]LogModuleManager: Shutting down and abandoning module SmartSnapping (480)
[2018.05.08-14.06.44:622][ 10]LogModuleManager: Shutting down and abandoning module SessionServices (478)
[2018.05.08-14.06.44:622][ 10]LogModuleManager: Shutting down and abandoning module ViewportSnapping (476)
[2018.05.08-14.06.44:622][ 10]LogModuleManager: Shutting down and abandoning module ViewportInteraction (474)
[2018.05.08-14.06.44:622][ 10]LogModuleManager: Shutting down and abandoning module ClothPainter (472)
[2018.05.08-14.06.44:665][ 10]LogModuleManager: Shutting down and abandoning module SkeletalMeshEditor (471)
[2018.05.08-14.06.44:721][ 10]LogModuleManager: Shutting down and abandoning module LogVisualizer (468)
[2018.05.08-14.06.44:766][ 10]LogModuleManager: Shutting down and abandoning module IntroTutorials (466)
[2018.05.08-14.06.44:883][ 10]LogModuleManager: Shutting down and abandoning module GameProjectGeneration (465)
[2018.05.08-14.06.44:903][ 10]LogModuleManager: Shutting down and abandoning module IOSPlatformEditor (462)
[2018.05.08-14.06.44:904][ 10]LogModuleManager: Shutting down and abandoning module HTML5PlatformEditor (460)
[2018.05.08-14.06.44:904][ 10]LogModuleManager: Shutting down and abandoning module AndroidPlatformEditor (458)
[2018.05.08-14.06.44:904][ 10]LogModuleManager: Shutting down and abandoning module AndroidDeviceDetection (457)
[2018.05.08-14.06.44:964][ 10]LogModuleManager: Shutting down and abandoning module WindowsPlatformEditor (454)
[2018.05.08-14.06.44:964][ 10]LogModuleManager: Shutting down and abandoning module IOSRuntimeSettings (452)
[2018.05.08-14.06.44:964][ 10]LogModuleManager: Shutting down and abandoning module AndroidRuntimeSettings (450)
[2018.05.08-14.06.44:964][ 10]LogModuleManager: Shutting down and abandoning module InputBindingEditor (448)
[2018.05.08-14.06.44:992][ 10]LogModuleManager: Shutting down and abandoning module MergeActors (446)
[2018.05.08-14.06.45:002][ 10]LogModuleManager: Shutting down and abandoning module SizeMap (444)
[2018.05.08-14.06.45:002][ 10]LogModuleManager: Shutting down and abandoning module TreeMap (442)
[2018.05.08-14.06.45:037][ 10]LogModuleManager: Shutting down and abandoning module ReferenceViewer (440)
[2018.05.08-14.06.45:037][ 10]LogModuleManager: Shutting down and abandoning module LocalizationDashboard (438)
[2018.05.08-14.06.45:043][ 10]LogModuleManager: Shutting down and abandoning module LocalizationService (437)
[2018.05.08-14.06.45:053][ 10]LogModuleManager: Shutting down and abandoning module HardwareTargeting (434)
[2018.05.08-14.06.45:053][ 10]LogModuleManager: Shutting down and abandoning module DeviceProfileEditor (432)
[2018.05.08-14.06.45:053][ 10]LogModuleManager: Shutting down and abandoning module UndoHistory (430)
[2018.05.08-14.06.45:053][ 10]LogModuleManager: Shutting down and abandoning module XmlParser (428)
[2018.05.08-14.06.45:065][ 10]LogModuleManager: Shutting down and abandoning module Blutility (426)
[2018.05.08-14.06.45:070][ 10]LogModuleManager: Shutting down and abandoning module ProjectSettingsViewer (424)
[2018.05.08-14.06.45:070][ 10]LogModuleManager: Shutting down and abandoning module ProjectTargetPlatformEditor (423)
[2018.05.08-14.06.45:070][ 10]LogModuleManager: Shutting down and abandoning module EditorSettingsViewer (420)
[2018.05.08-14.06.45:070][ 10]LogModuleManager: Shutting down and abandoning module SettingsEditor (418)
[2018.05.08-14.06.45:207][ 10]LogModuleManager: Shutting down and abandoning module ProjectLauncher (416)
[2018.05.08-14.06.45:220][ 10]LogModuleManager: Shutting down and abandoning module SessionFrontend (414)
[2018.05.08-14.06.45:231][ 10]LogModuleManager: Shutting down and abandoning module ProfilerClient (412)
[2018.05.08-14.06.45:265][ 10]LogModuleManager: Shutting down and abandoning module DeviceManager (410)
[2018.05.08-14.06.45:300][ 10]LogModuleManager: Shutting down and abandoning module TargetDeviceServices (409)
[2018.05.08-14.06.45:352][ 10]LogModuleManager: Shutting down and abandoning module AutomationController (406)
[2018.05.08-14.06.45:385][ 10]LogModuleManager: Shutting down and abandoning module AutomationWindow (404)
[2018.05.08-14.06.45:421][ 10]LogModuleManager: Shutting down and abandoning module Layers (402)
[2018.05.08-14.06.45:468][ 10]LogModuleManager: Shutting down and abandoning module ComponentVisualizers (400)
[2018.05.08-14.06.45:468][ 10]LogModuleManager: Shutting down and abandoning module DetailCustomizations (398)
[2018.05.08-14.06.45:477][ 10]LogModuleManager: Shutting down and abandoning module PackagesDialog (396)
[2018.05.08-14.06.45:477][ 10]LogModuleManager: Shutting down and abandoning module Persona (394)
[2018.05.08-14.06.45:554][ 10]LogModuleManager: Shutting down and abandoning module AdvancedPreviewScene (393)
[2018.05.08-14.06.45:554][ 10]LogModuleManager: Shutting down and abandoning module AnimGraph (391)
[2018.05.08-14.06.45:554][ 10]LogModuleManager: Shutting down and abandoning module Kismet (388)
[2018.05.08-14.06.45:571][ 10]LogModuleManager: Shutting down and abandoning module ClassViewer (386)
[2018.05.08-14.06.45:571][ 10]LogModuleManager: Shutting down and abandoning module Toolbox (384)
[2018.05.08-14.06.45:571][ 10]LogModuleManager: Shutting down and abandoning module ModuleUI (382)
[2018.05.08-14.06.45:591][ 10]LogModuleManager: Shutting down and abandoning module MovieSceneTools (380)
[2018.05.08-14.06.45:613][ 10]LogModuleManager: Shutting down and abandoning module OutputLog (378)
[2018.05.08-14.06.45:718][ 10]LogModuleManager: Shutting down and abandoning module GammaUI (376)
[2018.05.08-14.06.45:762][ 10]LogModuleManager: Shutting down and abandoning module Documentation (374)
[2018.05.08-14.06.45:762][ 10]LogModuleManager: Shutting down and abandoning module MovieSceneTracks (372)
[2018.05.08-14.06.45:766][ 10]LogModuleManager: Shutting down and abandoning module MovieScene (370)
[2018.05.08-14.06.45:766][ 10]LogModuleManager: Shutting down and abandoning module StreamingPauseRendering (368)
[2018.05.08-14.06.45:766][ 10]LogModuleManager: Shutting down and abandoning module LauncherPlatform (366)
[2018.05.08-14.06.45:766][ 10]LogModuleManager: Shutting down and abandoning module AnalyticsET (364)
[2018.05.08-14.06.45:766][ 10]LogModuleManager: Shutting down and abandoning module PortalServices (362)
[2018.05.08-14.06.45:766][ 10]LogModuleManager: Shutting down and abandoning module PortalRpc (360)
[2018.05.08-14.06.45:766][ 10]LogModuleManager: Shutting down and abandoning module MessagingRpc (358)
[2018.05.08-14.06.45:766][ 10]LogModuleManager: Shutting down and abandoning module AIModule (356)
[2018.05.08-14.06.45:776][ 10]LogModuleManager: Shutting down and abandoning module GameplayDebugger (355)
[2018.05.08-14.06.45:777][ 10]LogModuleManager: Shutting down and abandoning module AITestSuite (353)
[2018.05.08-14.06.45:781][ 10]LogModuleManager: Shutting down and abandoning module DesktopPlatform (350)
[2018.05.08-14.06.45:781][ 10]LogModuleManager: Shutting down and abandoning module ProfilerService (348)
[2018.05.08-14.06.45:801][ 10]LogModuleManager: Shutting down and abandoning module TaskGraph (346)
[2018.05.08-14.06.45:889][ 10]LogModuleManager: Shutting down and abandoning module SteamVRController (344)
[2018.05.08-14.06.45:889][ 10]LogModuleManager: Shutting down and abandoning module ProceduralMeshComponentEditor (342)
[2018.05.08-14.06.45:889][ 10]LogModuleManager: Shutting down and abandoning module ProceduralMeshComponent (340)
[2018.05.08-14.06.45:892][ 10]LogModuleManager: Shutting down and abandoning module OculusInput (338)
[2018.05.08-14.06.45:902][ 10]LogModuleManager: Shutting down and abandoning module MobilePatchingUtils (336)
[2018.05.08-14.06.45:902][ 10]LogModuleManager: Shutting down and abandoning module CustomMeshComponent (334)
[2018.05.08-14.06.45:902][ 10]LogModuleManager: Shutting down and abandoning module CableComponent (332)
[2018.05.08-14.06.45:902][ 10]LogModuleManager: Shutting down and abandoning module ArchVisCharacter (330)
[2018.05.08-14.06.45:902][ 10]LogModuleManager: Shutting down and abandoning module AndroidPermission (328)
[2018.05.08-14.06.45:902][ 10]LogModuleManager: Shutting down and abandoning module ActorSequence (324)
[2018.05.08-14.06.45:902][ 10]LogModuleManager: Shutting down and abandoning module MediaPlayerEditor (322)
[2018.05.08-14.06.45:919][ 10]LogModuleManager: Shutting down and abandoning module MediaCompositingEditor (320)
[2018.05.08-14.06.45:919][ 10]LogModuleManager: Shutting down and abandoning module MediaCompositing (318)
[2018.05.08-14.06.45:919][ 10]LogModuleManager: Shutting down and abandoning module HTML5Networking (316)
[2018.05.08-14.06.45:919][ 10]LogModuleManager: Shutting down and abandoning module AlembicImporter (314)
[2018.05.08-14.06.45:922][ 10]LogModuleManager: Shutting down and abandoning module AlembicLibrary (313)
[2018.05.08-14.06.45:923][ 10]LogModuleManager: Shutting down and abandoning module GeometryCache (312)
[2018.05.08-14.06.45:928][ 10]LogModuleManager: Shutting down and abandoning module GeometryCacheEd (311)
[2018.05.08-14.06.45:928][ 10]LogModuleManager: Shutting down and abandoning module SpeedTreeImporter (306)
[2018.05.08-14.06.45:928][ 10]LogModuleManager: Shutting down and abandoning module PluginBrowser (304)
[2018.05.08-14.06.45:949][ 10]LogModuleManager: Shutting down and abandoning module MobileLauncherProfileWizard (302)
[2018.05.08-14.06.45:967][ 10]LogModuleManager: Shutting down and abandoning module VisualStudioSourceCodeAccess (300)
[2018.05.08-14.06.45:967][ 10]LogModuleManager: Shutting down and abandoning module VisualStudioCodeSourceCodeAccess (298)
[2018.05.08-14.06.45:968][ 10]LogModuleManager: Shutting down and abandoning module UObjectPlugin (296)
[2018.05.08-14.06.45:968][ 10]LogModuleManager: Shutting down and abandoning module SubversionSourceControl (294)
[2018.05.08-14.06.45:971][ 10]LogModuleManager: Shutting down and abandoning module PerforceSourceControl (292)
[2018.05.08-14.06.45:981][ 10]LogModuleManager: Shutting down and abandoning module GitSourceControl (290)
[2018.05.08-14.06.45:989][ 10]LogModuleManager: Shutting down and abandoning module SourceControl (289)
[2018.05.08-14.06.45:998][ 10]LogModuleManager: Shutting down and abandoning module LightPropagationVolumeEditor (286)
[2018.05.08-14.06.45:999][ 10]LogModuleManager: Shutting down and abandoning module PaperTiledImporter (284)
[2018.05.08-14.06.45:999][ 10]LogModuleManager: Shutting down and abandoning module PaperSpriteSheetImporter (282)
[2018.05.08-14.06.45:999][ 10]LogModuleManager: Shutting down and abandoning module Paper2DEditor (280)
[2018.05.08-14.06.46:021][ 10]LogModuleManager: Shutting down and abandoning module MeshPaint (279)
[2018.05.08-14.06.46:025][ 10]LogModuleManager: Shutting down and abandoning module LevelEditor (277)
[2018.05.08-14.06.46:042][ 10]LogModuleManager: Shutting down and abandoning module PixelInspectorModule (276)
[2018.05.08-14.06.46:046][ 10]LogModuleManager: Shutting down and abandoning module MainFrame (274)
[2018.05.08-14.06.46:047][ 10]LogModuleManager: Shutting down and abandoning module HotReload (273)
[2018.05.08-14.06.46:087][ 10]LogModuleManager: Shutting down and abandoning module RuntimePhysXCooking (268)
[2018.05.08-14.06.46:087][ 10]LogModuleManager: Shutting down and abandoning module PhysXVehiclesEditor (266)
[2018.05.08-14.06.46:087][ 10]LogModuleManager: Shutting down and abandoning module PhysXVehicles (264)
[2018.05.08-14.06.46:087][ 10]LogModuleManager: Shutting down and abandoning module OculusEditor (262)
[2018.05.08-14.06.46:087][ 10]LogModuleManager: Shutting down and abandoning module LocationServicesBPLibrary (260)
[2018.05.08-14.06.46:087][ 10]LogModuleManager: Shutting down and abandoning module ImmediatePhysicsEditor (258)
[2018.05.08-14.06.46:087][ 10]LogModuleManager: Shutting down and abandoning module ImmediatePhysics (256)
[2018.05.08-14.06.46:102][ 10]LogModuleManager: Shutting down and abandoning module UdpMessaging (254)
[2018.05.08-14.06.46:256][ 10]LogModuleManager: Shutting down and abandoning module TcpMessaging (252)
[2018.05.08-14.06.46:393][ 10]LogModuleManager: Shutting down and abandoning module GameplayTagsEditor (250)
[2018.05.08-14.06.46:431][ 10]LogModuleManager: Shutting down and abandoning module FacialAnimationEditor (248)
[2018.05.08-14.06.46:431][ 10]LogModuleManager: Shutting down and abandoning module FacialAnimation (246)
[2018.05.08-14.06.46:432][ 10]LogModuleManager: Shutting down and abandoning module AssetManagerEditor (244)
[2018.05.08-14.06.46:518][ 10]LogModuleManager: Shutting down and abandoning module GraphEditor (243)
[2018.05.08-14.06.46:617][ 10]LogModuleManager: Shutting down and abandoning module ContentBrowser (241)
[2018.05.08-14.06.46:618][ 10]LogModuleManager: Shutting down and abandoning module LightPropagationVolumeRuntime (238)
[2018.05.08-14.06.46:619][ 10]LogModuleManager: Shutting down and abandoning module Paper2D (236)
[2018.05.08-14.06.46:623][ 10]LogModuleManager: Shutting down and abandoning module WindowsMoviePlayer (234)
[2018.05.08-14.06.46:627][ 10]LogModuleManager: Shutting down and abandoning module WmfMedia (232)
[2018.05.08-14.06.46:646][ 10]LogModuleManager: Shutting down and abandoning module ImgMedia (230)
[2018.05.08-14.06.46:654][ 10]LogModuleManager: Shutting down and abandoning module PacketHandler (228)
[2018.05.08-14.06.46:654][ 10]LogModuleManager: Shutting down and abandoning module ClothingSystemEditor (226)
[2018.05.08-14.06.46:655][ 10]LogModuleManager: Shutting down and abandoning module ClothingSystemRuntime (224)
[2018.05.08-14.06.46:660][ 10]LogModuleManager: Shutting down and abandoning module MediaAssets (222)
[2018.05.08-14.06.46:660][ 10]LogModuleManager: Shutting down and abandoning module Media (221)
[2018.05.08-14.06.46:667][ 10]LogModuleManager: Shutting down and abandoning module Overlay (218)
[2018.05.08-14.06.46:667][ 10]LogModuleManager: Shutting down and abandoning module OverlayEditor (217)
[2018.05.08-14.06.46:667][ 10]LogModuleManager: Shutting down and abandoning module VREditor (214)
[2018.05.08-14.06.46:673][ 10]LogModuleManager: Shutting down and abandoning module StringTableEditor (212)
[2018.05.08-14.06.46:682][ 10]LogModuleManager: Shutting down and abandoning module GameplayTasksEditor (210)
[2018.05.08-14.06.46:682][ 10]LogModuleManager: Shutting down and abandoning module BehaviorTreeEditor (208)
[2018.05.08-14.06.46:696][ 10]LogModuleManager: Shutting down and abandoning module FunctionalTesting (206)
[2018.05.08-14.06.46:702][ 10]LogModuleManager: Shutting down and abandoning module CollisionAnalyzer (204)
[2018.05.08-14.06.46:712][ 10]LogModuleManager: Shutting down and abandoning module WorkspaceMenuStructure (203)
[2018.05.08-14.06.46:712][ 10]LogModuleManager: Shutting down and abandoning module UMG (200)
[2018.05.08-14.06.46:731][ 10]LogModuleManager: Shutting down and abandoning module UMGEditor (199)
[2018.05.08-14.06.46:761][ 10]LogModuleManager: Shutting down and abandoning module Sequencer (198)
[2018.05.08-14.06.46:785][ 10]LogModuleManager: Shutting down and abandoning module MessageLog (195)
[2018.05.08-14.06.46:785][ 10]LogModuleManager: Shutting down and abandoning module SlateReflector (190)
[2018.05.08-14.06.46:853][ 10]LogModuleManager: Shutting down and abandoning module Slate (188)
[2018.05.08-14.06.46:853][ 10]LogModuleManager: Shutting down and abandoning module EditorStyle (186)
[2018.05.08-14.06.46:874][ 10]LogModuleManager: Shutting down and abandoning module MRMesh (184)
[2018.05.08-14.06.46:874][ 10]LogModuleManager: Shutting down and abandoning module SourceCodeAccess (182)
[2018.05.08-14.06.46:874][ 10]LogModuleManager: Shutting down and abandoning module HeadMountedDisplay (180)
[2018.05.08-14.06.46:874][ 10]LogModuleManager: Shutting down and abandoning module XAudio2 (178)
[2018.05.08-14.06.46:874][ 10]LogModuleManager: Shutting down and abandoning module Networking (176)
[2018.05.08-14.06.46:874][ 10]LogModuleManager: Shutting down and abandoning module Core (172)
[2018.05.08-14.06.46:874][ 10]LogModuleManager: Shutting down and abandoning module LevelSequence (168)
[2018.05.08-14.06.46:894][ 10]LogModuleManager: Shutting down and abandoning module DirectoryWatcher (166)
[2018.05.08-14.06.46:896][ 10]LogModuleManager: Shutting down and abandoning module KismetCompiler (164)
[2018.05.08-14.06.46:896][ 10]LogModuleManager: Shutting down and abandoning module MeshUtilities (162)
[2018.05.08-14.06.46:907][ 10]LogModuleManager: Shutting down and abandoning module MeshMergeUtilities (161)
[2018.05.08-14.06.46:914][ 10]LogModuleManager: Shutting down and abandoning module MeshReductionInterface (160)
[2018.05.08-14.06.46:915][ 10]LogModuleManager: Shutting down and abandoning module SimplygonSwarm (159)
[2018.05.08-14.06.46:921][ 10]LogModuleManager: Shutting down and abandoning module SimplygonMeshReduction (157)
[2018.05.08-14.06.46:921][ 10]LogModuleManager: Shutting down and abandoning module QuadricMeshReduction (155)
[2018.05.08-14.06.46:967][ 10]LogModuleManager: Shutting down and abandoning module MaterialBaking (151)
[2018.05.08-14.06.46:980][ 10]LogModuleManager: Shutting down and abandoning module DerivedDataCache (148)
[2018.05.08-14.06.47:035][ 10]LogDerivedDataCache: Shutdown
[2018.05.08-14.06.47:035][ 10]LogModuleManager: Shutting down and abandoning module TargetPlatform (146)
[2018.05.08-14.06.47:035][ 10]LogModuleManager: Shutting down and abandoning module VulkanShaderFormat (145)
[2018.05.08-14.06.47:076][ 10]LogModuleManager: Shutting down and abandoning module ShaderFormatVectorVM (143)
[2018.05.08-14.06.47:085][ 10]LogModuleManager: Shutting down and abandoning module ShaderFormatOpenGL (141)
[2018.05.08-14.06.47:102][ 10]LogModuleManager: Shutting down and abandoning module ShaderFormatD3D (139)
[2018.05.08-14.06.47:184][ 10]LogModuleManager: Shutting down and abandoning module MetalShaderFormat (137)
[2018.05.08-14.06.47:230][ 10]LogModuleManager: Shutting down and abandoning module TextureFormatUncompressed (135)
[2018.05.08-14.06.47:230][ 10]LogModuleManager: Shutting down and abandoning module TextureFormatPVR (133)
[2018.05.08-14.06.47:230][ 10]LogModuleManager: Shutting down and abandoning module TextureFormatDXT (131)
[2018.05.08-14.06.47:245][ 10]LogModuleManager: Shutting down and abandoning module TextureFormatIntelISPCTexComp (129)
[2018.05.08-14.06.47:249][ 10]LogModuleManager: Shutting down and abandoning module TextureFormatASTC (127)
[2018.05.08-14.06.47:249][ 10]LogModuleManager: Shutting down and abandoning module ImageWrapper (126)
[2018.05.08-14.06.47:249][ 10]LogModuleManager: Shutting down and abandoning module TextureFormatAndroid (123)
[2018.05.08-14.06.47:249][ 10]LogModuleManager: Shutting down and abandoning module AudioFormatOpus (121)
[2018.05.08-14.06.47:249][ 10]LogModuleManager: Shutting down and abandoning module AudioFormatOgg (119)
[2018.05.08-14.06.47:250][ 10]LogModuleManager: Shutting down and abandoning module AudioFormatADPCM (117)
[2018.05.08-14.06.47:250][ 10]LogModuleManager: Shutting down and abandoning module LinuxTargetPlatform (115)
[2018.05.08-14.06.47:250][ 10]LogModuleManager: Shutting down and abandoning module LinuxServerTargetPlatform (113)
[2018.05.08-14.06.47:250][ 10]LogModuleManager: Shutting down and abandoning module LinuxNoEditorTargetPlatform (111)
[2018.05.08-14.06.47:250][ 10]LogModuleManager: Shutting down and abandoning module LinuxClientTargetPlatform (109)
[2018.05.08-14.06.47:250][ 10]LogModuleManager: Shutting down and abandoning module TVOSTargetPlatform (107)
[2018.05.08-14.06.47:250][ 10]LogModuleManager: Shutting down and abandoning module Messaging (105)
[2018.05.08-14.06.47:250][ 10]LogModuleManager: Shutting down and abandoning module IOSTargetPlatform (103)
[2018.05.08-14.06.47:250][ 10]LogModuleManager: Shutting down and abandoning module HTML5TargetPlatform (101)
[2018.05.08-14.06.47:250][ 10]LogModuleManager: Shutting down and abandoning module AndroidTargetPlatform (99)
[2018.05.08-14.06.47:250][ 10]LogModuleManager: Shutting down and abandoning module Android_PVRTCTargetPlatform (97)
[2018.05.08-14.06.47:250][ 10]LogModuleManager: Shutting down and abandoning module Android_MultiTargetPlatform (95)
[2018.05.08-14.06.47:250][ 10]LogModuleManager: Shutting down and abandoning module Android_ETC2TargetPlatform (93)
[2018.05.08-14.06.47:250][ 10]LogModuleManager: Shutting down and abandoning module Android_ETC1TargetPlatform (91)
[2018.05.08-14.06.47:250][ 10]LogModuleManager: Shutting down and abandoning module Android_DXTTargetPlatform (89)
[2018.05.08-14.06.47:250][ 10]LogModuleManager: Shutting down and abandoning module Android_ATCTargetPlatform (87)
[2018.05.08-14.06.47:250][ 10]LogModuleManager: Shutting down and abandoning module Android_ASTCTargetPlatform (85)
[2018.05.08-14.06.47:250][ 10]LogModuleManager: Shutting down and abandoning module WindowsTargetPlatform (83)
[2018.05.08-14.06.47:250][ 10]LogModuleManager: Shutting down and abandoning module WindowsServerTargetPlatform (81)
[2018.05.08-14.06.47:250][ 10]LogModuleManager: Shutting down and abandoning module WindowsNoEditorTargetPlatform (79)
[2018.05.08-14.06.47:250][ 10]LogModuleManager: Shutting down and abandoning module WindowsClientTargetPlatform (77)
[2018.05.08-14.06.47:250][ 10]LogModuleManager: Shutting down and abandoning module MacTargetPlatform (75)
[2018.05.08-14.06.47:250][ 10]LogModuleManager: Shutting down and abandoning module MacServerTargetPlatform (73)
[2018.05.08-14.06.47:250][ 10]LogModuleManager: Shutting down and abandoning module MacNoEditorTargetPlatform (71)
[2018.05.08-14.06.47:251][ 10]LogModuleManager: Shutting down and abandoning module MacClientTargetPlatform (69)
[2018.05.08-14.06.47:251][ 10]LogModuleManager: Shutting down and abandoning module AllDesktopTargetPlatform (67)
[2018.05.08-14.06.47:251][ 10]LogModuleManager: Shutting down and abandoning module InputCore (64)
[2018.05.08-14.06.47:251][ 10]LogModuleManager: Shutting down and abandoning module Settings (62)
[2018.05.08-14.06.47:251][ 10]LogModuleManager: Shutting down and abandoning module PhysXCooking (60)
[2018.05.08-14.06.47:251][ 10]LogModuleManager: Shutting down and abandoning module SteamVR (58)
[2018.05.08-14.06.47:251][ 10]LogModuleManager: Shutting down and abandoning module OculusHMD (56)
[2018.05.08-14.06.47:298][ 10]LogModuleManager: Shutting down and abandoning module ExampleDeviceProfileSelector (54)
[2018.05.08-14.06.47:298][ 10]LogModuleManager: Shutting down and abandoning module AppleARKit (52)
[2018.05.08-14.06.47:298][ 10]LogModuleManager: Shutting down and abandoning module AugmentedReality (51)
[2018.05.08-14.06.47:298][ 10]LogModuleManager: Shutting down and abandoning module OnlineBlueprintSupport (48)
[2018.05.08-14.06.47:298][ 10]LogModuleManager: Shutting down and abandoning module OnlineSubsystem (44)
[2018.05.08-14.06.47:312][ 10]LogModuleManager: Shutting down and abandoning module XMPP (43)
[2018.05.08-14.06.47:328][ 10]LogModuleManager: Shutting down and abandoning module HTTP (41)
[2018.05.08-14.06.47:328][ 10]LogHttp: Display: Http module shutting down, but needs to wait on 1 outstanding Http requests:
[2018.05.08-14.06.47:338][ 10]LogHttp: Display: 	verb=[POST] url=[https://datarouter.ol.epicgames.com/datarouter/api/v1/public/data?SessionID=%7BAF74E05A-4F55-A0DA-00A9-D583540F20D4%7D&AppID=UEEditor.Rocket.Release&AppVersion=4.18.3-3832480%2B%2B%2BUE4%2BRelease-4.18&UserID=70b1835d46344ee4b5cb3b9fe3350278%7C94d26c0b047d41da822b5278f64dd1f7%7C320fb01b-07e3-47d8-9dbe-a5dd898daf3d&AppEnvironment=datacollector-binary&UploadType=eteventstream] status=Processing
[2018.05.08-14.06.47:364][ 10]LogModuleManager: Shutting down and abandoning module SSL (40)
[2018.05.08-14.06.47:405][ 10]LogModuleManager: Shutting down and abandoning module AnimationModifiers (36)
[2018.05.08-14.06.47:413][ 10]LogModuleManager: Shutting down and abandoning module PropertyEditor (35)
[2018.05.08-14.06.47:414][ 10]LogModuleManager: Shutting down and abandoning module AudioEditor (32)
[2018.05.08-14.06.47:429][ 10]LogModuleManager: Shutting down and abandoning module TextureCompressor (30)
[2018.05.08-14.06.47:439][ 10]LogModuleManager: Shutting down and abandoning module ShaderCore (28)
[2018.05.08-14.06.47:439][ 10]LogModuleManager: Shutting down and abandoning module Landscape (26)
[2018.05.08-14.06.47:440][ 10]LogModuleManager: Shutting down and abandoning module SlateRHIRenderer (24)
[2018.05.08-14.06.47:450][ 10]LogModuleManager: Shutting down and abandoning module OpenGLDrv (22)
[2018.05.08-14.06.47:455][ 10]LogModuleManager: Shutting down and abandoning module D3D11RHI (20)
[2018.05.08-14.06.47:456][ 10]LogModuleManager: Shutting down and abandoning module AnimGraphRuntime (18)
[2018.05.08-14.06.47:465][ 10]LogModuleManager: Shutting down and abandoning module Renderer (16)
[2018.05.08-14.06.47:465][ 10]LogModuleManager: Shutting down and abandoning module Engine (14)
[2018.05.08-14.06.47:478][ 10]LogModuleManager: Shutting down and abandoning module CoreUObject (12)
[2018.05.08-14.06.47:478][ 10]LogModuleManager: Shutting down and abandoning module NetworkFile (10)
[2018.05.08-14.06.47:497][ 10]LogModuleManager: Shutting down and abandoning module CookedIterativeFile (8)
[2018.05.08-14.06.47:497][ 10]LogModuleManager: Shutting down and abandoning module StreamingFile (6)
[2018.05.08-14.06.47:501][ 10]LogModuleManager: Shutting down and abandoning module SandboxFile (4)
[2018.05.08-14.06.47:514][ 10]LogModuleManager: Shutting down and abandoning module PakFile (2)
[2018.05.08-14.06.47:542][ 10]LogExit: Exiting.
[2018.05.08-14.06.47:557][ 10]Log file closed, 05/08/18 09:06:47
